<?xml version="1.0" encoding="UTF-8"?>
<coverage generated="1531220972445" clover="3.2.0">
  <project timestamp="1531220972446" name="All files">
    <metrics statements="96" coveredstatements="71" conditionals="40" coveredconditionals="30" methods="34" coveredmethods="23" elements="170" coveredelements="124" complexity="0" loc="96" ncloc="96" packages="8" files="8" classes="8">
      <package name="src">
        <metrics statements="31" coveredstatements="9" conditionals="6" coveredconditionals="0" methods="15" coveredmethods="5"/>
        <file name="App.js" path="/Users/felipeborges/GitHub/Udacity/reactnd-project-myreads-starter/src/App.js">
          <metrics statements="31" coveredstatements="9" conditionals="6" coveredconditionals="0" methods="15" coveredmethods="5"/>
          <line num="12" count="3" type="stmt"/>
          <line num="13" count="3" type="stmt"/>
          <line num="20" count="3" type="stmt"/>
          <line num="24" count="3" type="stmt"/>
          <line num="25" count="3" type="stmt"/>
          <line num="26" count="3" type="stmt"/>
          <line num="31" count="0" type="stmt"/>
          <line num="32" count="0" type="stmt"/>
          <line num="33" count="0" type="stmt"/>
          <line num="35" count="0" type="stmt"/>
          <line num="36" count="0" type="stmt"/>
          <line num="41" count="0" type="stmt"/>
          <line num="42" count="0" type="stmt"/>
          <line num="43" count="0" type="cond" truecount="0" falsecount="2"/>
          <line num="44" count="0" type="stmt"/>
          <line num="46" count="0" type="stmt"/>
          <line num="49" count="0" type="stmt"/>
          <line num="50" count="0" type="stmt"/>
          <line num="55" count="0" type="stmt"/>
          <line num="59" count="0" type="stmt"/>
          <line num="63" count="0" type="cond" truecount="0" falsecount="2"/>
          <line num="64" count="0" type="stmt"/>
          <line num="65" count="0" type="cond" truecount="0" falsecount="2"/>
          <line num="66" count="0" type="stmt"/>
          <line num="68" count="0" type="stmt"/>
          <line num="72" count="0" type="stmt"/>
          <line num="76" count="0" type="stmt"/>
          <line num="81" count="9" type="stmt"/>
          <line num="82" count="9" type="stmt"/>
          <line num="89" count="9" type="stmt"/>
          <line num="100" count="0" type="stmt"/>
        </file>
      </package>
      <package name="src.ui.components.author">
        <metrics statements="8" coveredstatements="8" conditionals="4" coveredconditionals="4" methods="2" coveredmethods="2"/>
        <file name="Author.js" path="/Users/felipeborges/GitHub/Udacity/reactnd-project-myreads-starter/src/ui/components/author/Author.js">
          <metrics statements="8" coveredstatements="8" conditionals="4" coveredconditionals="4" methods="2" coveredmethods="2"/>
          <line num="4" count="6" type="stmt"/>
          <line num="5" count="13" type="stmt"/>
          <line num="6" count="13" type="stmt"/>
          <line num="7" count="13" type="cond" truecount="4" falsecount="0"/>
          <line num="8" count="12" type="stmt"/>
          <line num="9" count="13" type="stmt"/>
          <line num="12" count="13" type="stmt"/>
          <line num="15" count="6" type="stmt"/>
        </file>
      </package>
      <package name="src.ui.components.book">
        <metrics statements="7" coveredstatements="6" conditionals="4" coveredconditionals="3" methods="2" coveredmethods="1"/>
        <file name="Book.js" path="/Users/felipeborges/GitHub/Udacity/reactnd-project-myreads-starter/src/ui/components/book/Book.js">
          <metrics statements="7" coveredstatements="6" conditionals="4" coveredconditionals="3" methods="2" coveredmethods="1"/>
          <line num="6" count="5" type="stmt"/>
          <line num="19" count="0" type="stmt"/>
          <line num="23" count="12" type="cond" truecount="2" falsecount="0"/>
          <line num="25" count="11" type="stmt"/>
          <line num="29" count="11" type="stmt"/>
          <line num="30" count="11" type="stmt"/>
          <line num="31" count="11" type="stmt"/>
        </file>
      </package>
      <package name="src.ui.components.bookshelf">
        <metrics statements="3" coveredstatements="3" conditionals="2" coveredconditionals="2" methods="2" coveredmethods="2"/>
        <file name="BookShelf.js" path="/Users/felipeborges/GitHub/Udacity/reactnd-project-myreads-starter/src/ui/components/bookshelf/BookShelf.js">
          <metrics statements="3" coveredstatements="3" conditionals="2" coveredconditionals="2" methods="2" coveredmethods="2"/>
          <line num="18" count="28" type="stmt"/>
          <line num="19" count="28" type="stmt"/>
          <line num="25" count="10" type="stmt"/>
        </file>
      </package>
      <package name="src.ui.components.loading">
        <metrics statements="1" coveredstatements="1" conditionals="0" coveredconditionals="0" methods="1" coveredmethods="1"/>
        <file name="Loading.js" path="/Users/felipeborges/GitHub/Udacity/reactnd-project-myreads-starter/src/ui/components/loading/Loading.js">
          <metrics statements="1" coveredstatements="1" conditionals="0" coveredconditionals="0" methods="1" coveredmethods="1"/>
          <line num="5" count="4" type="stmt"/>
        </file>
      </package>
      <package name="src.ui.routes.booklist">
        <metrics statements="14" coveredstatements="14" conditionals="6" coveredconditionals="6" methods="5" coveredmethods="5"/>
        <file name="BookList.js" path="/Users/felipeborges/GitHub/Udacity/reactnd-project-myreads-starter/src/ui/routes/booklist/BookList.js">
          <metrics statements="14" coveredstatements="14" conditionals="6" coveredconditionals="6" methods="5" coveredmethods="5"/>
          <line num="8" count="2" type="stmt"/>
          <line num="10" count="2" type="stmt"/>
          <line num="11" count="8" type="stmt"/>
          <line num="25" count="2" type="stmt"/>
          <line num="26" count="8" type="stmt"/>
          <line num="51" count="33" type="cond" truecount="2" falsecount="0"/>
          <line num="52" count="3" type="stmt"/>
          <line num="55" count="30" type="stmt"/>
          <line num="56" count="24" type="stmt"/>
          <line num="61" count="11" type="stmt"/>
          <line num="62" count="11" type="stmt"/>
          <line num="63" count="11" type="stmt"/>
          <line num="64" count="11" type="stmt"/>
          <line num="66" count="11" type="stmt"/>
        </file>
      </package>
      <package name="src.ui.routes.booksearch">
        <metrics statements="16" coveredstatements="14" conditionals="12" coveredconditionals="9" methods="4" coveredmethods="4"/>
        <file name="BookSearch.js" path="/Users/felipeborges/GitHub/Udacity/reactnd-project-myreads-starter/src/ui/routes/booksearch/BookSearch.js">
          <metrics statements="16" coveredstatements="14" conditionals="12" coveredconditionals="9" methods="4" coveredmethods="4"/>
          <line num="9" count="2" type="stmt"/>
          <line num="11" count="2" type="stmt"/>
          <line num="12" count="1" type="stmt"/>
          <line num="17" count="3" type="stmt"/>
          <line num="18" count="3" type="stmt"/>
          <line num="19" count="3" type="cond" truecount="1" falsecount="1"/>
          <line num="20" count="0" type="stmt"/>
          <line num="25" count="1" type="stmt"/>
          <line num="26" count="1" type="stmt"/>
          <line num="27" count="1" type="stmt"/>
          <line num="28" count="1" type="cond" truecount="1" falsecount="1"/>
          <line num="29" count="1" type="stmt"/>
          <line num="30" count="1" type="stmt"/>
          <line num="32" count="0" type="stmt"/>
          <line num="37" count="3" type="stmt"/>
          <line num="38" count="3" type="stmt"/>
        </file>
      </package>
      <package name="src.utils">
        <metrics statements="16" coveredstatements="16" conditionals="6" coveredconditionals="6" methods="3" coveredmethods="3"/>
        <file name="BooksHelper.js" path="/Users/felipeborges/GitHub/Udacity/reactnd-project-myreads-starter/src/utils/BooksHelper.js">
          <metrics statements="16" coveredstatements="16" conditionals="6" coveredconditionals="6" methods="3" coveredmethods="3"/>
          <line num="2" count="2" type="stmt"/>
          <line num="3" count="2" type="cond" truecount="2" falsecount="0"/>
          <line num="4" count="1" type="stmt"/>
          <line num="6" count="1" type="stmt"/>
          <line num="7" count="1" type="stmt"/>
          <line num="8" count="2" type="stmt"/>
          <line num="9" count="2" type="stmt"/>
          <line num="11" count="1" type="stmt"/>
          <line num="14" count="2" type="stmt"/>
          <line num="15" count="2" type="stmt"/>
          <line num="16" count="2" type="cond" truecount="2" falsecount="0"/>
          <line num="17" count="1" type="stmt"/>
          <line num="22" count="2" type="stmt"/>
          <line num="23" count="2" type="cond" truecount="2" falsecount="0"/>
          <line num="24" count="1" type="stmt"/>
          <line num="26" count="1" type="stmt"/>
        </file>
      </package>
    </metrics>
  </project>
</coverage>
