{
  "/Users/felipeborges/GitHub/Udacity/reactnd-project-myreads-starter/src/App.js": {
    "path":
      "/Users/felipeborges/GitHub/Udacity/reactnd-project-myreads-starter/src/App.js",
    "statementMap": {
      "0": {
        "start": { "line": 11, "column": 4 },
        "end": { "line": 11, "column": 17 }
      },
      "1": {
        "start": { "line": 12, "column": 4 },
        "end": { "line": 17, "column": 6 }
      },
      "2": {
        "start": { "line": 19, "column": 4 },
        "end": { "line": 19, "column": 60 }
      },
      "3": {
        "start": { "line": 23, "column": 4 },
        "end": { "line": 23, "column": 39 }
      },
      "4": {
        "start": { "line": 24, "column": 4 },
        "end": { "line": 26, "column": 7 }
      },
      "5": {
        "start": { "line": 25, "column": 6 },
        "end": { "line": 25, "column": 49 }
      },
      "6": {
        "start": { "line": 30, "column": 4 },
        "end": { "line": 36, "column": 7 }
      },
      "7": {
        "start": { "line": 31, "column": 28 },
        "end": { "line": 33, "column": 7 }
      },
      "8": {
        "start": { "line": 32, "column": 16 },
        "end": { "line": 32, "column": 35 }
      },
      "9": {
        "start": { "line": 34, "column": 23 },
        "end": { "line": 34, "column": 77 }
      },
      "10": {
        "start": { "line": 35, "column": 6 },
        "end": { "line": 35, "column": 41 }
      },
      "11": {
        "start": { "line": 40, "column": 4 },
        "end": { "line": 50, "column": 7 }
      },
      "12": {
        "start": { "line": 41, "column": 28 },
        "end": { "line": 47, "column": 8 }
      },
      "13": {
        "start": { "line": 42, "column": 8 },
        "end": { "line": 46, "column": 9 }
      },
      "14": {
        "start": { "line": 43, "column": 10 },
        "end": { "line": 43, "column": 36 }
      },
      "15": {
        "start": { "line": 45, "column": 10 },
        "end": { "line": 45, "column": 22 }
      },
      "16": {
        "start": { "line": 48, "column": 20 },
        "end": { "line": 48, "column": 61 }
      },
      "17": {
        "start": { "line": 49, "column": 6 },
        "end": { "line": 49, "column": 46 }
      },
      "18": {
        "start": { "line": 54, "column": 4 },
        "end": { "line": 57, "column": 7 }
      },
      "19": {
        "start": { "line": 58, "column": 4 },
        "end": { "line": 58, "column": 45 }
      },
      "20": {
        "start": { "line": 63, "column": 4 },
        "end": { "line": 65, "column": 5 }
      },
      "21": {
        "start": { "line": 64, "column": 6 },
        "end": { "line": 64, "column": 16 }
      },
      "22": {
        "start": { "line": 66, "column": 26 },
        "end": { "line": 66, "column": 28 }
      },
      "23": {
        "start": { "line": 67, "column": 4 },
        "end": { "line": 80, "column": 5 }
      },
      "24": {
        "start": { "line": 69, "column": 6 },
        "end": { "line": 74, "column": 7 }
      },
      "25": {
        "start": { "line": 70, "column": 8 },
        "end": { "line": 73, "column": 9 }
      },
      "26": {
        "start": { "line": 71, "column": 10 },
        "end": { "line": 71, "column": 27 }
      },
      "27": {
        "start": { "line": 72, "column": 10 },
        "end": { "line": 72, "column": 19 }
      },
      "28": {
        "start": { "line": 75, "column": 6 },
        "end": { "line": 79, "column": 7 }
      },
      "29": {
        "start": { "line": 76, "column": 8 },
        "end": { "line": 76, "column": 40 }
      },
      "30": {
        "start": { "line": 78, "column": 8 },
        "end": { "line": 78, "column": 65 }
      },
      "31": {
        "start": { "line": 81, "column": 4 },
        "end": { "line": 81, "column": 27 }
      },
      "32": {
        "start": { "line": 85, "column": 4 },
        "end": { "line": 96, "column": 5 }
      },
      "33": {
        "start": { "line": 86, "column": 6 },
        "end": { "line": 93, "column": 9 }
      },
      "34": {
        "start": { "line": 87, "column": 8 },
        "end": { "line": 92, "column": 9 }
      },
      "35": {
        "start": { "line": 88, "column": 10 },
        "end": { "line": 88, "column": 65 }
      },
      "36": {
        "start": { "line": 90, "column": 27 },
        "end": { "line": 90, "column": 74 }
      },
      "37": {
        "start": { "line": 91, "column": 10 },
        "end": { "line": 91, "column": 71 }
      },
      "38": {
        "start": { "line": 95, "column": 6 },
        "end": { "line": 95, "column": 61 }
      },
      "39": {
        "start": { "line": 100, "column": 60 },
        "end": { "line": 100, "column": 70 }
      },
      "40": {
        "start": { "line": 101, "column": 4 },
        "end": { "line": 130, "column": 6 }
      },
      "41": {
        "start": { "line": 108, "column": 14 },
        "end": { "line": 112, "column": 16 }
      },
      "42": {
        "start": { "line": 119, "column": 14 },
        "end": { "line": 125, "column": 16 }
      }
    },
    "fnMap": {
      "0": {
        "name": "(anonymous_0)",
        "decl": {
          "start": { "line": 10, "column": 2 },
          "end": { "line": 10, "column": 3 }
        },
        "loc": {
          "start": { "line": 10, "column": 21 },
          "end": { "line": 20, "column": 3 }
        },
        "line": 10
      },
      "1": {
        "name": "(anonymous_1)",
        "decl": {
          "start": { "line": 22, "column": 2 },
          "end": { "line": 22, "column": 3 }
        },
        "loc": {
          "start": { "line": 22, "column": 22 },
          "end": { "line": 27, "column": 3 }
        },
        "line": 22
      },
      "2": {
        "name": "(anonymous_2)",
        "decl": {
          "start": { "line": 24, "column": 27 },
          "end": { "line": 24, "column": 28 }
        },
        "loc": {
          "start": { "line": 24, "column": 36 },
          "end": { "line": 26, "column": 5 }
        },
        "line": 24
      },
      "3": {
        "name": "(anonymous_3)",
        "decl": {
          "start": { "line": 29, "column": 26 },
          "end": { "line": 29, "column": 27 }
        },
        "loc": {
          "start": { "line": 29, "column": 43 },
          "end": { "line": 37, "column": 3 }
        },
        "line": 29
      },
      "4": {
        "name": "(anonymous_4)",
        "decl": {
          "start": { "line": 30, "column": 38 },
          "end": { "line": 30, "column": 39 }
        },
        "loc": {
          "start": { "line": 30, "column": 53 },
          "end": { "line": 36, "column": 5 }
        },
        "line": 30
      },
      "5": {
        "name": "(anonymous_5)",
        "decl": {
          "start": { "line": 32, "column": 8 },
          "end": { "line": 32, "column": 9 }
        },
        "loc": {
          "start": { "line": 32, "column": 16 },
          "end": { "line": 32, "column": 35 }
        },
        "line": 32
      },
      "6": {
        "name": "(anonymous_6)",
        "decl": {
          "start": { "line": 39, "column": 28 },
          "end": { "line": 39, "column": 29 }
        },
        "loc": {
          "start": { "line": 39, "column": 45 },
          "end": { "line": 51, "column": 3 }
        },
        "line": 39
      },
      "7": {
        "name": "(anonymous_7)",
        "decl": {
          "start": { "line": 40, "column": 38 },
          "end": { "line": 40, "column": 39 }
        },
        "loc": {
          "start": { "line": 40, "column": 53 },
          "end": { "line": 50, "column": 5 }
        },
        "line": 40
      },
      "8": {
        "name": "(anonymous_8)",
        "decl": {
          "start": { "line": 41, "column": 57 },
          "end": { "line": 41, "column": 58 }
        },
        "loc": {
          "start": { "line": 41, "column": 65 },
          "end": { "line": 47, "column": 7 }
        },
        "line": 41
      },
      "9": {
        "name": "(anonymous_9)",
        "decl": {
          "start": { "line": 53, "column": 17 },
          "end": { "line": 53, "column": 18 }
        },
        "loc": {
          "start": { "line": 53, "column": 31 },
          "end": { "line": 59, "column": 3 }
        },
        "line": 53
      },
      "10": {
        "name": "(anonymous_10)",
        "decl": {
          "start": { "line": 62, "column": 2 },
          "end": { "line": 62, "column": 3 }
        },
        "loc": {
          "start": { "line": 62, "column": 34 },
          "end": { "line": 82, "column": 3 }
        },
        "line": 62
      },
      "11": {
        "name": "(anonymous_11)",
        "decl": {
          "start": { "line": 84, "column": 2 },
          "end": { "line": 84, "column": 3 }
        },
        "loc": {
          "start": { "line": 84, "column": 20 },
          "end": { "line": 97, "column": 3 }
        },
        "line": 84
      },
      "12": {
        "name": "(anonymous_12)",
        "decl": {
          "start": { "line": 86, "column": 33 },
          "end": { "line": 86, "column": 34 }
        },
        "loc": {
          "start": { "line": 86, "column": 50 },
          "end": { "line": 93, "column": 7 }
        },
        "line": 86
      },
      "13": {
        "name": "(anonymous_13)",
        "decl": {
          "start": { "line": 99, "column": 2 },
          "end": { "line": 99, "column": 3 }
        },
        "loc": {
          "start": { "line": 99, "column": 11 },
          "end": { "line": 131, "column": 3 }
        },
        "line": 99
      },
      "14": {
        "name": "(anonymous_14)",
        "decl": {
          "start": { "line": 107, "column": 20 },
          "end": { "line": 107, "column": 21 }
        },
        "loc": {
          "start": { "line": 108, "column": 14 },
          "end": { "line": 112, "column": 16 }
        },
        "line": 108
      },
      "15": {
        "name": "(anonymous_15)",
        "decl": {
          "start": { "line": 118, "column": 20 },
          "end": { "line": 118, "column": 21 }
        },
        "loc": {
          "start": { "line": 119, "column": 14 },
          "end": { "line": 125, "column": 16 }
        },
        "line": 119
      }
    },
    "branchMap": {
      "0": {
        "loc": {
          "start": { "line": 42, "column": 8 },
          "end": { "line": 46, "column": 9 }
        },
        "type": "if",
        "locations": [
          {
            "start": { "line": 42, "column": 8 },
            "end": { "line": 46, "column": 9 }
          },
          {
            "start": { "line": 42, "column": 8 },
            "end": { "line": 46, "column": 9 }
          }
        ],
        "line": 42
      },
      "1": {
        "loc": {
          "start": { "line": 63, "column": 4 },
          "end": { "line": 65, "column": 5 }
        },
        "type": "if",
        "locations": [
          {
            "start": { "line": 63, "column": 4 },
            "end": { "line": 65, "column": 5 }
          },
          {
            "start": { "line": 63, "column": 4 },
            "end": { "line": 65, "column": 5 }
          }
        ],
        "line": 63
      },
      "2": {
        "loc": {
          "start": { "line": 70, "column": 8 },
          "end": { "line": 73, "column": 9 }
        },
        "type": "if",
        "locations": [
          {
            "start": { "line": 70, "column": 8 },
            "end": { "line": 73, "column": 9 }
          },
          {
            "start": { "line": 70, "column": 8 },
            "end": { "line": 73, "column": 9 }
          }
        ],
        "line": 70
      },
      "3": {
        "loc": {
          "start": { "line": 75, "column": 6 },
          "end": { "line": 79, "column": 7 }
        },
        "type": "if",
        "locations": [
          {
            "start": { "line": 75, "column": 6 },
            "end": { "line": 79, "column": 7 }
          },
          {
            "start": { "line": 75, "column": 6 },
            "end": { "line": 79, "column": 7 }
          }
        ],
        "line": 75
      },
      "4": {
        "loc": {
          "start": { "line": 85, "column": 4 },
          "end": { "line": 96, "column": 5 }
        },
        "type": "if",
        "locations": [
          {
            "start": { "line": 85, "column": 4 },
            "end": { "line": 96, "column": 5 }
          },
          {
            "start": { "line": 85, "column": 4 },
            "end": { "line": 96, "column": 5 }
          }
        ],
        "line": 85
      },
      "5": {
        "loc": {
          "start": { "line": 87, "column": 8 },
          "end": { "line": 92, "column": 9 }
        },
        "type": "if",
        "locations": [
          {
            "start": { "line": 87, "column": 8 },
            "end": { "line": 92, "column": 9 }
          },
          {
            "start": { "line": 87, "column": 8 },
            "end": { "line": 92, "column": 9 }
          }
        ],
        "line": 87
      }
    },
    "s": {
      "0": 0,
      "1": 0,
      "2": 0,
      "3": 0,
      "4": 0,
      "5": 0,
      "6": 0,
      "7": 0,
      "8": 0,
      "9": 0,
      "10": 0,
      "11": 0,
      "12": 0,
      "13": 0,
      "14": 0,
      "15": 0,
      "16": 0,
      "17": 0,
      "18": 0,
      "19": 0,
      "20": 0,
      "21": 0,
      "22": 0,
      "23": 0,
      "24": 0,
      "25": 0,
      "26": 0,
      "27": 0,
      "28": 0,
      "29": 0,
      "30": 0,
      "31": 0,
      "32": 0,
      "33": 0,
      "34": 0,
      "35": 0,
      "36": 0,
      "37": 0,
      "38": 0,
      "39": 0,
      "40": 0,
      "41": 0,
      "42": 0
    },
    "f": {
      "0": 0,
      "1": 0,
      "2": 0,
      "3": 0,
      "4": 0,
      "5": 0,
      "6": 0,
      "7": 0,
      "8": 0,
      "9": 0,
      "10": 0,
      "11": 0,
      "12": 0,
      "13": 0,
      "14": 0,
      "15": 0
    },
    "b": {
      "0": [0, 0],
      "1": [0, 0],
      "2": [0, 0],
      "3": [0, 0],
      "4": [0, 0],
      "5": [0, 0]
    },
    "_coverageSchema": "332fd63041d2c1bcb487cc26dd0d5f7d97098a6c",
    "hash": "7b6addd18d85507dbe1493fa4b8e315a5f8a32c3"
  },
  "/Users/felipeborges/GitHub/Udacity/reactnd-project-myreads-starter/src/BooksAPI.js": {
    "path":
      "/Users/felipeborges/GitHub/Udacity/reactnd-project-myreads-starter/src/BooksAPI.js",
    "statementMap": {
      "0": {
        "start": { "line": 3, "column": 12 },
        "end": { "line": 3, "column": 51 }
      },
      "1": {
        "start": { "line": 6, "column": 12 },
        "end": { "line": 6, "column": 30 }
      },
      "2": {
        "start": { "line": 7, "column": 0 },
        "end": { "line": 10, "column": 16 }
      },
      "3": {
        "start": { "line": 8, "column": 2 },
        "end": { "line": 10, "column": 16 }
      },
      "4": {
        "start": { "line": 12, "column": 16 },
        "end": { "line": 15, "column": 1 }
      },
      "5": {
        "start": { "line": 17, "column": 19 },
        "end": { "line": 20, "column": 28 }
      },
      "6": {
        "start": { "line": 18, "column": 2 },
        "end": { "line": 20, "column": 28 }
      },
      "7": {
        "start": { "line": 19, "column": 17 },
        "end": { "line": 19, "column": 27 }
      },
      "8": {
        "start": { "line": 20, "column": 18 },
        "end": { "line": 20, "column": 27 }
      },
      "9": {
        "start": { "line": 22, "column": 22 },
        "end": { "line": 25, "column": 29 }
      },
      "10": {
        "start": { "line": 23, "column": 2 },
        "end": { "line": 25, "column": 29 }
      },
      "11": {
        "start": { "line": 24, "column": 17 },
        "end": { "line": 24, "column": 27 }
      },
      "12": {
        "start": { "line": 25, "column": 18 },
        "end": { "line": 25, "column": 28 }
      },
      "13": {
        "start": { "line": 27, "column": 22 },
        "end": { "line": 35, "column": 28 }
      },
      "14": {
        "start": { "line": 28, "column": 2 },
        "end": { "line": 35, "column": 28 }
      },
      "15": {
        "start": { "line": 35, "column": 17 },
        "end": { "line": 35, "column": 27 }
      },
      "16": {
        "start": { "line": 37, "column": 22 },
        "end": { "line": 47, "column": 29 }
      },
      "17": {
        "start": { "line": 38, "column": 2 },
        "end": { "line": 47, "column": 29 }
      },
      "18": {
        "start": { "line": 46, "column": 17 },
        "end": { "line": 46, "column": 27 }
      },
      "19": {
        "start": { "line": 47, "column": 18 },
        "end": { "line": 47, "column": 28 }
      }
    },
    "fnMap": {
      "0": {
        "name": "(anonymous_0)",
        "decl": {
          "start": { "line": 17, "column": 19 },
          "end": { "line": 17, "column": 20 }
        },
        "loc": {
          "start": { "line": 18, "column": 2 },
          "end": { "line": 20, "column": 28 }
        },
        "line": 18
      },
      "1": {
        "name": "(anonymous_1)",
        "decl": {
          "start": { "line": 19, "column": 10 },
          "end": { "line": 19, "column": 11 }
        },
        "loc": {
          "start": { "line": 19, "column": 17 },
          "end": { "line": 19, "column": 27 }
        },
        "line": 19
      },
      "2": {
        "name": "(anonymous_2)",
        "decl": {
          "start": { "line": 20, "column": 10 },
          "end": { "line": 20, "column": 11 }
        },
        "loc": {
          "start": { "line": 20, "column": 18 },
          "end": { "line": 20, "column": 27 }
        },
        "line": 20
      },
      "3": {
        "name": "(anonymous_3)",
        "decl": {
          "start": { "line": 22, "column": 22 },
          "end": { "line": 22, "column": 23 }
        },
        "loc": {
          "start": { "line": 23, "column": 2 },
          "end": { "line": 25, "column": 29 }
        },
        "line": 23
      },
      "4": {
        "name": "(anonymous_4)",
        "decl": {
          "start": { "line": 24, "column": 10 },
          "end": { "line": 24, "column": 11 }
        },
        "loc": {
          "start": { "line": 24, "column": 17 },
          "end": { "line": 24, "column": 27 }
        },
        "line": 24
      },
      "5": {
        "name": "(anonymous_5)",
        "decl": {
          "start": { "line": 25, "column": 10 },
          "end": { "line": 25, "column": 11 }
        },
        "loc": {
          "start": { "line": 25, "column": 18 },
          "end": { "line": 25, "column": 28 }
        },
        "line": 25
      },
      "6": {
        "name": "(anonymous_6)",
        "decl": {
          "start": { "line": 27, "column": 22 },
          "end": { "line": 27, "column": 23 }
        },
        "loc": {
          "start": { "line": 28, "column": 2 },
          "end": { "line": 35, "column": 28 }
        },
        "line": 28
      },
      "7": {
        "name": "(anonymous_7)",
        "decl": {
          "start": { "line": 35, "column": 10 },
          "end": { "line": 35, "column": 11 }
        },
        "loc": {
          "start": { "line": 35, "column": 17 },
          "end": { "line": 35, "column": 27 }
        },
        "line": 35
      },
      "8": {
        "name": "(anonymous_8)",
        "decl": {
          "start": { "line": 37, "column": 22 },
          "end": { "line": 37, "column": 23 }
        },
        "loc": {
          "start": { "line": 38, "column": 2 },
          "end": { "line": 47, "column": 29 }
        },
        "line": 38
      },
      "9": {
        "name": "(anonymous_9)",
        "decl": {
          "start": { "line": 46, "column": 10 },
          "end": { "line": 46, "column": 11 }
        },
        "loc": {
          "start": { "line": 46, "column": 17 },
          "end": { "line": 46, "column": 27 }
        },
        "line": 46
      },
      "10": {
        "name": "(anonymous_10)",
        "decl": {
          "start": { "line": 47, "column": 10 },
          "end": { "line": 47, "column": 11 }
        },
        "loc": {
          "start": { "line": 47, "column": 18 },
          "end": { "line": 47, "column": 28 }
        },
        "line": 47
      }
    },
    "branchMap": {
      "0": {
        "loc": {
          "start": { "line": 7, "column": 0 },
          "end": { "line": 10, "column": 16 }
        },
        "type": "if",
        "locations": [
          {
            "start": { "line": 7, "column": 0 },
            "end": { "line": 10, "column": 16 }
          },
          {
            "start": { "line": 7, "column": 0 },
            "end": { "line": 10, "column": 16 }
          }
        ],
        "line": 7
      }
    },
    "s": {
      "0": 1,
      "1": 1,
      "2": 1,
      "3": 1,
      "4": 1,
      "5": 1,
      "6": 0,
      "7": 0,
      "8": 0,
      "9": 1,
      "10": 0,
      "11": 0,
      "12": 0,
      "13": 1,
      "14": 0,
      "15": 0,
      "16": 1,
      "17": 0,
      "18": 0,
      "19": 0
    },
    "f": {
      "0": 0,
      "1": 0,
      "2": 0,
      "3": 0,
      "4": 0,
      "5": 0,
      "6": 0,
      "7": 0,
      "8": 0,
      "9": 0,
      "10": 0
    },
    "b": { "0": [1, 0] },
    "_coverageSchema": "332fd63041d2c1bcb487cc26dd0d5f7d97098a6c",
    "hash": "6d6831f78913ff693b4bf2fc5966f15068403db3"
  },
  "/Users/felipeborges/GitHub/Udacity/reactnd-project-myreads-starter/src/index.js": {
    "path":
      "/Users/felipeborges/GitHub/Udacity/reactnd-project-myreads-starter/src/index.js",
    "statementMap": {
      "0": {
        "start": { "line": 1, "column": 32 },
        "end": { "line": 1, "column": 113 }
      },
      "1": {
        "start": { "line": 1, "column": 127 },
        "end": { "line": 1, "column": 143 }
      },
      "2": {
        "start": { "line": 1, "column": 158 },
        "end": { "line": 1, "column": 188 }
      },
      "3": {
        "start": { "line": 2, "column": 16 },
        "end": { "line": 2, "column": 36 }
      },
      "4": {
        "start": { "line": 2, "column": 54 },
        "end": { "line": 2, "column": 87 }
      },
      "5": {
        "start": { "line": 3, "column": 11 },
        "end": { "line": 3, "column": 27 }
      },
      "6": {
        "start": { "line": 3, "column": 40 },
        "end": { "line": 3, "column": 68 }
      },
      "7": {
        "start": { "line": 4, "column": 0 },
        "end": { "line": 4, "column": 23 }
      },
      "8": {
        "start": { "line": 4, "column": 61 },
        "end": { "line": 4, "column": 115 }
      },
      "9": {
        "start": { "line": 6, "column": 0 },
        "end": { "line": 6, "column": 181 }
      }
    },
    "fnMap": {
      "0": {
        "name": "_interopRequireDefault",
        "decl": {
          "start": { "line": 4, "column": 32 },
          "end": { "line": 4, "column": 54 }
        },
        "loc": {
          "start": { "line": 4, "column": 60 },
          "end": { "line": 4, "column": 116 }
        },
        "line": 4
      }
    },
    "branchMap": {
      "0": {
        "loc": {
          "start": { "line": 4, "column": 68 },
          "end": { "line": 4, "column": 114 }
        },
        "type": "cond-expr",
        "locations": [
          {
            "start": { "line": 4, "column": 92 },
            "end": { "line": 4, "column": 95 }
          },
          {
            "start": { "line": 4, "column": 98 },
            "end": { "line": 4, "column": 114 }
          }
        ],
        "line": 4
      },
      "1": {
        "loc": {
          "start": { "line": 4, "column": 68 },
          "end": { "line": 4, "column": 89 }
        },
        "type": "binary-expr",
        "locations": [
          {
            "start": { "line": 4, "column": 68 },
            "end": { "line": 4, "column": 71 }
          },
          {
            "start": { "line": 4, "column": 75 },
            "end": { "line": 4, "column": 89 }
          }
        ],
        "line": 4
      }
    },
    "s": {
      "0": 0,
      "1": 0,
      "2": 0,
      "3": 0,
      "4": 0,
      "5": 0,
      "6": 0,
      "7": 0,
      "8": 0,
      "9": 0
    },
    "f": { "0": 0 },
    "b": { "0": [0, 0], "1": [0, 0] }
  },
  "/Users/felipeborges/GitHub/Udacity/reactnd-project-myreads-starter/src/setupTests.js": {
    "path":
      "/Users/felipeborges/GitHub/Udacity/reactnd-project-myreads-starter/src/setupTests.js",
    "statementMap": {
      "0": {
        "start": { "line": 4, "column": 0 },
        "end": { "line": 4, "column": 38 }
      },
      "1": {
        "start": { "line": 6, "column": 23 },
        "end": { "line": 20, "column": 4 }
      },
      "2": {
        "start": { "line": 7, "column": 14 },
        "end": { "line": 7, "column": 16 }
      },
      "3": {
        "start": { "line": 9, "column": 2 },
        "end": { "line": 19, "column": 4 }
      },
      "4": {
        "start": { "line": 11, "column": 6 },
        "end": { "line": 11, "column": 32 }
      },
      "5": {
        "start": { "line": 14, "column": 6 },
        "end": { "line": 14, "column": 36 }
      },
      "6": {
        "start": { "line": 17, "column": 6 },
        "end": { "line": 17, "column": 17 }
      },
      "7": {
        "start": { "line": 22, "column": 0 },
        "end": { "line": 24, "column": 3 }
      }
    },
    "fnMap": {
      "0": {
        "name": "(anonymous_0)",
        "decl": {
          "start": { "line": 6, "column": 24 },
          "end": { "line": 6, "column": 25 }
        },
        "loc": {
          "start": { "line": 6, "column": 35 },
          "end": { "line": 20, "column": 1 }
        },
        "line": 6
      },
      "1": {
        "name": "(anonymous_1)",
        "decl": {
          "start": { "line": 10, "column": 13 },
          "end": { "line": 10, "column": 14 }
        },
        "loc": {
          "start": { "line": 10, "column": 27 },
          "end": { "line": 12, "column": 5 }
        },
        "line": 10
      },
      "2": {
        "name": "(anonymous_2)",
        "decl": {
          "start": { "line": 13, "column": 13 },
          "end": { "line": 13, "column": 14 }
        },
        "loc": {
          "start": { "line": 13, "column": 34 },
          "end": { "line": 15, "column": 5 }
        },
        "line": 13
      },
      "3": {
        "name": "(anonymous_3)",
        "decl": {
          "start": { "line": 16, "column": 11 },
          "end": { "line": 16, "column": 12 }
        },
        "loc": {
          "start": { "line": 16, "column": 22 },
          "end": { "line": 18, "column": 5 }
        },
        "line": 16
      }
    },
    "branchMap": {
      "0": {
        "loc": {
          "start": { "line": 11, "column": 13 },
          "end": { "line": 11, "column": 31 }
        },
        "type": "binary-expr",
        "locations": [
          {
            "start": { "line": 11, "column": 13 },
            "end": { "line": 11, "column": 23 }
          },
          {
            "start": { "line": 11, "column": 27 },
            "end": { "line": 11, "column": 31 }
          }
        ],
        "line": 11
      }
    },
    "s": { "0": 6, "1": 6, "2": 6, "3": 6, "4": 0, "5": 0, "6": 0, "7": 6 },
    "f": { "0": 6, "1": 0, "2": 0, "3": 0 },
    "b": { "0": [0, 0] },
    "_coverageSchema": "332fd63041d2c1bcb487cc26dd0d5f7d97098a6c",
    "hash": "a5bd979c5aaacd7a89441886ec08b6f25ffab583"
  },
  "/Users/felipeborges/GitHub/Udacity/reactnd-project-myreads-starter/src/tests/helpers/BookStore.js": {
    "path":
      "/Users/felipeborges/GitHub/Udacity/reactnd-project-myreads-starter/src/tests/helpers/BookStore.js",
    "statementMap": {
      "0": {
        "start": { "line": 1, "column": 18 },
        "end": { "line": 100, "column": 1 }
      },
      "1": {
        "start": { "line": 102, "column": 17 },
        "end": { "line": 150, "column": 1 }
      }
    },
    "fnMap": {},
    "branchMap": {},
    "s": { "0": 2, "1": 2 },
    "f": {},
    "b": {},
    "_coverageSchema": "332fd63041d2c1bcb487cc26dd0d5f7d97098a6c",
    "hash": "fcf95b4f35a692b1d94de0bf2a13ddaf495ae90e"
  },
  "/Users/felipeborges/GitHub/Udacity/reactnd-project-myreads-starter/src/tests/helpers/visit.js": {
    "path":
      "/Users/felipeborges/GitHub/Udacity/reactnd-project-myreads-starter/src/tests/helpers/visit.js",
    "statementMap": {
      "0": {
        "start": { "line": 4, "column": 17 },
        "end": { "line": 8, "column": 2 }
      },
      "1": {
        "start": { "line": 11, "column": 19 },
        "end": { "line": 11, "column": 46 }
      },
      "2": {
        "start": { "line": 13, "column": 2 },
        "end": { "line": 13, "column": 36 }
      }
    },
    "fnMap": {
      "0": {
        "name": "(anonymous_0)",
        "decl": {
          "start": { "line": 10, "column": 15 },
          "end": { "line": 10, "column": 16 }
        },
        "loc": {
          "start": { "line": 10, "column": 47 },
          "end": { "line": 14, "column": 1 }
        },
        "line": 10
      }
    },
    "branchMap": {
      "0": {
        "loc": {
          "start": { "line": 5, "column": 12 },
          "end": { "line": 5, "column": 42 }
        },
        "type": "binary-expr",
        "locations": [
          {
            "start": { "line": 5, "column": 12 },
            "end": { "line": 5, "column": 32 }
          },
          {
            "start": { "line": 5, "column": 36 },
            "end": { "line": 5, "column": 42 }
          }
        ],
        "line": 5
      },
      "1": {
        "loc": {
          "start": { "line": 6, "column": 12 },
          "end": { "line": 6, "column": 43 }
        },
        "type": "binary-expr",
        "locations": [
          {
            "start": { "line": 6, "column": 12 },
            "end": { "line": 6, "column": 28 }
          },
          {
            "start": { "line": 6, "column": 32 },
            "end": { "line": 6, "column": 43 }
          }
        ],
        "line": 6
      },
      "2": {
        "loc": {
          "start": { "line": 7, "column": 8 },
          "end": { "line": 7, "column": 32 }
        },
        "type": "binary-expr",
        "locations": [
          {
            "start": { "line": 7, "column": 8 },
            "end": { "line": 7, "column": 24 }
          },
          {
            "start": { "line": 7, "column": 28 },
            "end": { "line": 7, "column": 32 }
          }
        ],
        "line": 7
      },
      "3": {
        "loc": {
          "start": { "line": 10, "column": 24 },
          "end": { "line": 10, "column": 33 }
        },
        "type": "default-arg",
        "locations": [
          {
            "start": { "line": 10, "column": 31 },
            "end": { "line": 10, "column": 33 }
          }
        ],
        "line": 10
      },
      "4": {
        "loc": {
          "start": { "line": 10, "column": 35 },
          "end": { "line": 10, "column": 45 }
        },
        "type": "default-arg",
        "locations": [
          {
            "start": { "line": 10, "column": 43 },
            "end": { "line": 10, "column": 45 }
          }
        ],
        "line": 10
      }
    },
    "s": { "0": 1, "1": 1, "2": 1 },
    "f": { "0": 1 },
    "b": { "0": [1, 1], "1": [1, 1], "2": [1, 1], "3": [0], "4": [1] },
    "_coverageSchema": "332fd63041d2c1bcb487cc26dd0d5f7d97098a6c",
    "hash": "f044a0e1689854c50637077d32f46500e92e08fc"
  },
  "/Users/felipeborges/GitHub/Udacity/reactnd-project-myreads-starter/src/ui/components/author/Author.js": {
    "path":
      "/Users/felipeborges/GitHub/Udacity/reactnd-project-myreads-starter/src/ui/components/author/Author.js",
    "statementMap": {
      "0": {
        "start": { "line": 4, "column": 15 },
        "end": { "line": 13, "column": 1 }
      },
      "1": {
        "start": { "line": 5, "column": 16 },
        "end": { "line": 5, "column": 24 }
      },
      "2": {
        "start": { "line": 6, "column": 18 },
        "end": { "line": 6, "column": 31 }
      },
      "3": {
        "start": { "line": 7, "column": 2 },
        "end": { "line": 11, "column": 3 }
      },
      "4": {
        "start": { "line": 8, "column": 4 },
        "end": { "line": 10, "column": 7 }
      },
      "5": {
        "start": { "line": 9, "column": 6 },
        "end": { "line": 9, "column": 48 }
      },
      "6": {
        "start": { "line": 12, "column": 2 },
        "end": { "line": 12, "column": 17 }
      },
      "7": {
        "start": { "line": 15, "column": 0 },
        "end": { "line": 17, "column": 2 }
      }
    },
    "fnMap": {
      "0": {
        "name": "(anonymous_0)",
        "decl": {
          "start": { "line": 4, "column": 15 },
          "end": { "line": 4, "column": 16 }
        },
        "loc": {
          "start": { "line": 4, "column": 24 },
          "end": { "line": 13, "column": 1 }
        },
        "line": 4
      },
      "1": {
        "name": "(anonymous_1)",
        "decl": {
          "start": { "line": 8, "column": 32 },
          "end": { "line": 8, "column": 33 }
        },
        "loc": {
          "start": { "line": 8, "column": 42 },
          "end": { "line": 10, "column": 5 }
        },
        "line": 8
      }
    },
    "branchMap": {
      "0": {
        "loc": {
          "start": { "line": 7, "column": 2 },
          "end": { "line": 11, "column": 3 }
        },
        "type": "if",
        "locations": [
          {
            "start": { "line": 7, "column": 2 },
            "end": { "line": 11, "column": 3 }
          },
          {
            "start": { "line": 7, "column": 2 },
            "end": { "line": 11, "column": 3 }
          }
        ],
        "line": 7
      },
      "1": {
        "loc": {
          "start": { "line": 7, "column": 6 },
          "end": { "line": 7, "column": 35 }
        },
        "type": "binary-expr",
        "locations": [
          {
            "start": { "line": 7, "column": 6 },
            "end": { "line": 7, "column": 13 }
          },
          {
            "start": { "line": 7, "column": 17 },
            "end": { "line": 7, "column": 35 }
          }
        ],
        "line": 7
      }
    },
    "s": { "0": 4, "1": 5, "2": 5, "3": 5, "4": 4, "5": 5, "6": 5, "7": 4 },
    "f": { "0": 5, "1": 5 },
    "b": { "0": [4, 1], "1": [5, 4] },
    "_coverageSchema": "332fd63041d2c1bcb487cc26dd0d5f7d97098a6c",
    "hash": "4c7b114dc33fd3a76c8535bdfb811251484b9273"
  },
  "/Users/felipeborges/GitHub/Udacity/reactnd-project-myreads-starter/src/ui/components/book/Book.js": {
    "path":
      "/Users/felipeborges/GitHub/Udacity/reactnd-project-myreads-starter/src/ui/components/book/Book.js",
    "statementMap": {
      "0": {
        "start": { "line": 6, "column": 17 },
        "end": { "line": 6, "column": 21 }
      },
      "1": {
        "start": { "line": 19, "column": 4 },
        "end": { "line": 19, "column": 66 }
      },
      "2": {
        "start": { "line": 23, "column": 4 },
        "end": { "line": 23, "column": 38 }
      },
      "3": {
        "start": { "line": 23, "column": 26 },
        "end": { "line": 23, "column": 38 }
      },
      "4": {
        "start": { "line": 25, "column": 22 },
        "end": { "line": 28, "column": 5 }
      },
      "5": {
        "start": { "line": 29, "column": 21 },
        "end": { "line": 29, "column": 31 }
      },
      "6": {
        "start": { "line": 30, "column": 50 },
        "end": { "line": 30, "column": 54 }
      },
      "7": {
        "start": { "line": 31, "column": 4 },
        "end": { "line": 59, "column": 6 }
      }
    },
    "fnMap": {
      "0": {
        "name": "(anonymous_0)",
        "decl": {
          "start": { "line": 18, "column": 17 },
          "end": { "line": 18, "column": 18 }
        },
        "loc": {
          "start": { "line": 18, "column": 22 },
          "end": { "line": 20, "column": 3 }
        },
        "line": 18
      },
      "1": {
        "name": "(anonymous_1)",
        "decl": {
          "start": { "line": 22, "column": 2 },
          "end": { "line": 22, "column": 3 }
        },
        "loc": {
          "start": { "line": 22, "column": 16 },
          "end": { "line": 60, "column": 3 }
        },
        "line": 22
      }
    },
    "branchMap": {
      "0": {
        "loc": {
          "start": { "line": 23, "column": 4 },
          "end": { "line": 23, "column": 38 }
        },
        "type": "if",
        "locations": [
          {
            "start": { "line": 23, "column": 4 },
            "end": { "line": 23, "column": 38 }
          },
          {
            "start": { "line": 23, "column": 4 },
            "end": { "line": 23, "column": 38 }
          }
        ],
        "line": 23
      },
      "1": {
        "loc": {
          "start": { "line": 37, "column": 12 },
          "end": { "line": 45, "column": 13 }
        },
        "type": "cond-expr",
        "locations": [
          {
            "start": { "line": 38, "column": 14 },
            "end": { "line": 38, "column": 78 }
          },
          {
            "start": { "line": 40, "column": 14 },
            "end": { "line": 44, "column": 16 }
          }
        ],
        "line": 37
      }
    },
    "s": { "0": 3, "1": 0, "2": 4, "3": 1, "4": 3, "5": 3, "6": 3, "7": 3 },
    "f": { "0": 0, "1": 4 },
    "b": { "0": [1, 3], "1": [3, 0] },
    "_coverageSchema": "332fd63041d2c1bcb487cc26dd0d5f7d97098a6c",
    "hash": "e36db7dae660ba686de3e5bce920d993fd60e67d"
  },
  "/Users/felipeborges/GitHub/Udacity/reactnd-project-myreads-starter/src/ui/components/bookshelf/BookShelf.js": {
    "path":
      "/Users/felipeborges/GitHub/Udacity/reactnd-project-myreads-starter/src/ui/components/bookshelf/BookShelf.js",
    "statementMap": {
      "0": {
        "start": { "line": 17, "column": 29 },
        "end": { "line": 17, "column": 39 }
      },
      "1": {
        "start": { "line": 18, "column": 4 },
        "end": { "line": 33, "column": 6 }
      },
      "2": {
        "start": { "line": 23, "column": 12 },
        "end": { "line": 29, "column": 14 }
      }
    },
    "fnMap": {
      "0": {
        "name": "(anonymous_0)",
        "decl": {
          "start": { "line": 16, "column": 2 },
          "end": { "line": 16, "column": 3 }
        },
        "loc": {
          "start": { "line": 16, "column": 16 },
          "end": { "line": 34, "column": 3 }
        },
        "line": 16
      },
      "1": {
        "name": "(anonymous_1)",
        "decl": {
          "start": { "line": 22, "column": 21 },
          "end": { "line": 22, "column": 22 }
        },
        "loc": {
          "start": { "line": 22, "column": 29 },
          "end": { "line": 30, "column": 11 }
        },
        "line": 22
      }
    },
    "branchMap": {},
    "s": { "0": 2, "1": 2, "2": 2 },
    "f": { "0": 2, "1": 2 },
    "b": {},
    "_coverageSchema": "332fd63041d2c1bcb487cc26dd0d5f7d97098a6c",
    "hash": "708a71e82737a52962373c283a847bca07301e82"
  },
  "/Users/felipeborges/GitHub/Udacity/reactnd-project-myreads-starter/src/ui/components/loading/Loading.js": {
    "path":
      "/Users/felipeborges/GitHub/Udacity/reactnd-project-myreads-starter/src/ui/components/loading/Loading.js",
    "statementMap": {
      "0": {
        "start": { "line": 5, "column": 2 },
        "end": { "line": 7, "column": 8 }
      }
    },
    "fnMap": {
      "0": {
        "name": "(anonymous_0)",
        "decl": {
          "start": { "line": 4, "column": 15 },
          "end": { "line": 4, "column": 16 }
        },
        "loc": {
          "start": { "line": 5, "column": 2 },
          "end": { "line": 7, "column": 8 }
        },
        "line": 5
      }
    },
    "branchMap": {},
    "s": { "0": 1 },
    "f": { "0": 1 },
    "b": {},
    "_coverageSchema": "332fd63041d2c1bcb487cc26dd0d5f7d97098a6c",
    "hash": "74e76d70a997ac2fd41eaf5bd64712358417e052"
  },
  "/Users/felipeborges/GitHub/Udacity/reactnd-project-myreads-starter/src/ui/routes/booklist/BookList.js": {
    "path":
      "/Users/felipeborges/GitHub/Udacity/reactnd-project-myreads-starter/src/ui/routes/booklist/BookList.js",
    "statementMap": {
      "0": {
        "start": { "line": 8, "column": 28 },
        "end": { "line": 8, "column": 34 }
      },
      "1": {
        "start": { "line": 12, "column": 4 },
        "end": { "line": 14, "column": 7 }
      },
      "2": {
        "start": { "line": 13, "column": 6 },
        "end": { "line": 13, "column": 33 }
      },
      "3": {
        "start": { "line": 18, "column": 29 },
        "end": { "line": 18, "column": 72 }
      },
      "4": {
        "start": { "line": 19, "column": 23 },
        "end": { "line": 19, "column": 60 }
      },
      "5": {
        "start": { "line": 20, "column": 17 },
        "end": { "line": 20, "column": 48 }
      },
      "6": {
        "start": { "line": 22, "column": 4 },
        "end": { "line": 28, "column": 7 }
      },
      "7": {
        "start": { "line": 32, "column": 33 },
        "end": { "line": 32, "column": 43 }
      },
      "8": {
        "start": { "line": 34, "column": 29 },
        "end": { "line": 34, "column": 72 }
      },
      "9": {
        "start": { "line": 35, "column": 23 },
        "end": { "line": 35, "column": 60 }
      },
      "10": {
        "start": { "line": 36, "column": 17 },
        "end": { "line": 36, "column": 48 }
      },
      "11": {
        "start": { "line": 38, "column": 4 },
        "end": { "line": 76, "column": 6 }
      }
    },
    "fnMap": {
      "0": {
        "name": "(anonymous_0)",
        "decl": {
          "start": { "line": 11, "column": 2 },
          "end": { "line": 11, "column": 3 }
        },
        "loc": {
          "start": { "line": 11, "column": 27 },
          "end": { "line": 15, "column": 3 }
        },
        "line": 11
      },
      "1": {
        "name": "(anonymous_1)",
        "decl": {
          "start": { "line": 12, "column": 24 },
          "end": { "line": 12, "column": 25 }
        },
        "loc": {
          "start": { "line": 12, "column": 32 },
          "end": { "line": 14, "column": 5 }
        },
        "line": 12
      },
      "2": {
        "name": "(anonymous_2)",
        "decl": {
          "start": { "line": 17, "column": 17 },
          "end": { "line": 17, "column": 18 }
        },
        "loc": {
          "start": { "line": 17, "column": 26 },
          "end": { "line": 29, "column": 3 }
        },
        "line": 17
      },
      "3": {
        "name": "(anonymous_3)",
        "decl": {
          "start": { "line": 31, "column": 2 },
          "end": { "line": 31, "column": 3 }
        },
        "loc": {
          "start": { "line": 31, "column": 16 },
          "end": { "line": 77, "column": 3 }
        },
        "line": 31
      }
    },
    "branchMap": {
      "0": {
        "loc": {
          "start": { "line": 45, "column": 11 },
          "end": { "line": 45, "column": 35 }
        },
        "type": "binary-expr",
        "locations": [
          {
            "start": { "line": 45, "column": 11 },
            "end": { "line": 45, "column": 20 }
          },
          {
            "start": { "line": 45, "column": 24 },
            "end": { "line": 45, "column": 35 }
          }
        ],
        "line": 45
      },
      "1": {
        "loc": {
          "start": { "line": 46, "column": 11 },
          "end": { "line": 73, "column": 11 }
        },
        "type": "binary-expr",
        "locations": [
          {
            "start": { "line": 46, "column": 11 },
            "end": { "line": 46, "column": 21 }
          },
          {
            "start": { "line": 47, "column": 12 },
            "end": { "line": 72, "column": 18 }
          }
        ],
        "line": 46
      }
    },
    "s": {
      "0": 1,
      "1": 0,
      "2": 0,
      "3": 0,
      "4": 0,
      "5": 0,
      "6": 0,
      "7": 0,
      "8": 0,
      "9": 0,
      "10": 0,
      "11": 0
    },
    "f": { "0": 0, "1": 0, "2": 0, "3": 0 },
    "b": { "0": [0, 0], "1": [0, 0] },
    "_coverageSchema": "332fd63041d2c1bcb487cc26dd0d5f7d97098a6c",
    "hash": "97b35877496d9695572cafd51b090f59a3f6e527"
  },
  "/Users/felipeborges/GitHub/Udacity/reactnd-project-myreads-starter/src/ui/routes/booksearch/BookSearch.js": {
    "path":
      "/Users/felipeborges/GitHub/Udacity/reactnd-project-myreads-starter/src/ui/routes/booksearch/BookSearch.js",
    "statementMap": {
      "0": {
        "start": { "line": 8, "column": 20 },
        "end": { "line": 8, "column": 26 }
      },
      "1": {
        "start": { "line": 10, "column": 18 },
        "end": { "line": 12, "column": 1 }
      },
      "2": {
        "start": { "line": 11, "column": 2 },
        "end": { "line": 11, "column": 47 }
      },
      "3": {
        "start": { "line": 16, "column": 4 },
        "end": { "line": 16, "column": 32 }
      },
      "4": {
        "start": { "line": 17, "column": 4 },
        "end": { "line": 17, "column": 44 }
      },
      "5": {
        "start": { "line": 20, "column": 45 },
        "end": { "line": 20, "column": 55 }
      },
      "6": {
        "start": { "line": 21, "column": 4 },
        "end": { "line": 51, "column": 6 }
      }
    },
    "fnMap": {
      "0": {
        "name": "(anonymous_0)",
        "decl": {
          "start": { "line": 10, "column": 18 },
          "end": { "line": 10, "column": 19 }
        },
        "loc": {
          "start": { "line": 10, "column": 24 },
          "end": { "line": 12, "column": 1 }
        },
        "line": 10
      },
      "1": {
        "name": "(anonymous_1)",
        "decl": {
          "start": { "line": 15, "column": 17 },
          "end": { "line": 15, "column": 18 }
        },
        "loc": {
          "start": { "line": 15, "column": 22 },
          "end": { "line": 18, "column": 3 }
        },
        "line": 15
      },
      "2": {
        "name": "(anonymous_2)",
        "decl": {
          "start": { "line": 19, "column": 2 },
          "end": { "line": 19, "column": 3 }
        },
        "loc": {
          "start": { "line": 19, "column": 16 },
          "end": { "line": 52, "column": 3 }
        },
        "line": 19
      }
    },
    "branchMap": {
      "0": {
        "loc": {
          "start": { "line": 39, "column": 15 },
          "end": { "line": 39, "column": 39 }
        },
        "type": "binary-expr",
        "locations": [
          {
            "start": { "line": 39, "column": 15 },
            "end": { "line": 39, "column": 24 }
          },
          {
            "start": { "line": 39, "column": 28 },
            "end": { "line": 39, "column": 39 }
          }
        ],
        "line": 39
      },
      "1": {
        "loc": {
          "start": { "line": 40, "column": 15 },
          "end": { "line": 40, "column": 50 }
        },
        "type": "binary-expr",
        "locations": [
          {
            "start": { "line": 40, "column": 15 },
            "end": { "line": 40, "column": 33 }
          },
          {
            "start": { "line": 40, "column": 37 },
            "end": { "line": 40, "column": 50 }
          }
        ],
        "line": 40
      },
      "2": {
        "loc": {
          "start": { "line": 41, "column": 15 },
          "end": { "line": 46, "column": 15 }
        },
        "type": "binary-expr",
        "locations": [
          {
            "start": { "line": 41, "column": 15 },
            "end": { "line": 41, "column": 31 }
          },
          {
            "start": { "line": 42, "column": 16 },
            "end": { "line": 45, "column": 18 }
          }
        ],
        "line": 41
      }
    },
    "s": { "0": 1, "1": 1, "2": 0, "3": 0, "4": 0, "5": 0, "6": 0 },
    "f": { "0": 0, "1": 0, "2": 0 },
    "b": { "0": [0, 0], "1": [0, 0], "2": [0, 0] },
    "_coverageSchema": "332fd63041d2c1bcb487cc26dd0d5f7d97098a6c",
    "hash": "3ac3d9f62583290163c985d1f4fc33cbf91acb8f"
  }
}
