{
  "/Users/felipeborges/GitHub/Udacity/reactnd-project-myreads-starter/src/App.js": {
    "path":
      "/Users/felipeborges/GitHub/Udacity/reactnd-project-myreads-starter/src/App.js",
    "statementMap": {
      "0": {
        "start": { "line": 12, "column": 4 },
        "end": { "line": 12, "column": 17 }
      },
      "1": {
        "start": { "line": 13, "column": 4 },
        "end": { "line": 18, "column": 6 }
      },
      "2": {
        "start": { "line": 20, "column": 4 },
        "end": { "line": 20, "column": 60 }
      },
      "3": {
        "start": { "line": 24, "column": 4 },
        "end": { "line": 24, "column": 39 }
      },
      "4": {
        "start": { "line": 25, "column": 4 },
        "end": { "line": 27, "column": 7 }
      },
      "5": {
        "start": { "line": 26, "column": 6 },
        "end": { "line": 26, "column": 49 }
      },
      "6": {
        "start": { "line": 31, "column": 4 },
        "end": { "line": 37, "column": 7 }
      },
      "7": {
        "start": { "line": 32, "column": 28 },
        "end": { "line": 34, "column": 7 }
      },
      "8": {
        "start": { "line": 33, "column": 16 },
        "end": { "line": 33, "column": 35 }
      },
      "9": {
        "start": { "line": 35, "column": 23 },
        "end": { "line": 35, "column": 77 }
      },
      "10": {
        "start": { "line": 36, "column": 6 },
        "end": { "line": 36, "column": 41 }
      },
      "11": {
        "start": { "line": 41, "column": 4 },
        "end": { "line": 51, "column": 7 }
      },
      "12": {
        "start": { "line": 42, "column": 28 },
        "end": { "line": 48, "column": 8 }
      },
      "13": {
        "start": { "line": 43, "column": 8 },
        "end": { "line": 47, "column": 9 }
      },
      "14": {
        "start": { "line": 44, "column": 10 },
        "end": { "line": 44, "column": 36 }
      },
      "15": {
        "start": { "line": 46, "column": 10 },
        "end": { "line": 46, "column": 22 }
      },
      "16": {
        "start": { "line": 49, "column": 20 },
        "end": { "line": 49, "column": 61 }
      },
      "17": {
        "start": { "line": 50, "column": 6 },
        "end": { "line": 50, "column": 46 }
      },
      "18": {
        "start": { "line": 55, "column": 4 },
        "end": { "line": 58, "column": 7 }
      },
      "19": {
        "start": { "line": 59, "column": 4 },
        "end": { "line": 59, "column": 45 }
      },
      "20": {
        "start": { "line": 63, "column": 4 },
        "end": { "line": 77, "column": 5 }
      },
      "21": {
        "start": { "line": 64, "column": 6 },
        "end": { "line": 74, "column": 9 }
      },
      "22": {
        "start": { "line": 65, "column": 8 },
        "end": { "line": 73, "column": 9 }
      },
      "23": {
        "start": { "line": 66, "column": 10 },
        "end": { "line": 66, "column": 65 }
      },
      "24": {
        "start": { "line": 68, "column": 27 },
        "end": { "line": 71, "column": 11 }
      },
      "25": {
        "start": { "line": 72, "column": 10 },
        "end": { "line": 72, "column": 71 }
      },
      "26": {
        "start": { "line": 76, "column": 6 },
        "end": { "line": 76, "column": 61 }
      },
      "27": {
        "start": { "line": 81, "column": 60 },
        "end": { "line": 81, "column": 70 }
      },
      "28": {
        "start": { "line": 82, "column": 4 },
        "end": { "line": 111, "column": 6 }
      },
      "29": {
        "start": { "line": 89, "column": 14 },
        "end": { "line": 93, "column": 16 }
      },
      "30": {
        "start": { "line": 100, "column": 14 },
        "end": { "line": 106, "column": 16 }
      }
    },
    "fnMap": {
      "0": {
        "name": "(anonymous_0)",
        "decl": {
          "start": { "line": 11, "column": 2 },
          "end": { "line": 11, "column": 3 }
        },
        "loc": {
          "start": { "line": 11, "column": 21 },
          "end": { "line": 21, "column": 3 }
        },
        "line": 11
      },
      "1": {
        "name": "(anonymous_1)",
        "decl": {
          "start": { "line": 23, "column": 2 },
          "end": { "line": 23, "column": 3 }
        },
        "loc": {
          "start": { "line": 23, "column": 22 },
          "end": { "line": 28, "column": 3 }
        },
        "line": 23
      },
      "2": {
        "name": "(anonymous_2)",
        "decl": {
          "start": { "line": 25, "column": 27 },
          "end": { "line": 25, "column": 28 }
        },
        "loc": {
          "start": { "line": 25, "column": 36 },
          "end": { "line": 27, "column": 5 }
        },
        "line": 25
      },
      "3": {
        "name": "(anonymous_3)",
        "decl": {
          "start": { "line": 30, "column": 26 },
          "end": { "line": 30, "column": 27 }
        },
        "loc": {
          "start": { "line": 30, "column": 43 },
          "end": { "line": 38, "column": 3 }
        },
        "line": 30
      },
      "4": {
        "name": "(anonymous_4)",
        "decl": {
          "start": { "line": 31, "column": 38 },
          "end": { "line": 31, "column": 39 }
        },
        "loc": {
          "start": { "line": 31, "column": 53 },
          "end": { "line": 37, "column": 5 }
        },
        "line": 31
      },
      "5": {
        "name": "(anonymous_5)",
        "decl": {
          "start": { "line": 33, "column": 8 },
          "end": { "line": 33, "column": 9 }
        },
        "loc": {
          "start": { "line": 33, "column": 16 },
          "end": { "line": 33, "column": 35 }
        },
        "line": 33
      },
      "6": {
        "name": "(anonymous_6)",
        "decl": {
          "start": { "line": 40, "column": 28 },
          "end": { "line": 40, "column": 29 }
        },
        "loc": {
          "start": { "line": 40, "column": 45 },
          "end": { "line": 52, "column": 3 }
        },
        "line": 40
      },
      "7": {
        "name": "(anonymous_7)",
        "decl": {
          "start": { "line": 41, "column": 38 },
          "end": { "line": 41, "column": 39 }
        },
        "loc": {
          "start": { "line": 41, "column": 53 },
          "end": { "line": 51, "column": 5 }
        },
        "line": 41
      },
      "8": {
        "name": "(anonymous_8)",
        "decl": {
          "start": { "line": 42, "column": 57 },
          "end": { "line": 42, "column": 58 }
        },
        "loc": {
          "start": { "line": 42, "column": 65 },
          "end": { "line": 48, "column": 7 }
        },
        "line": 42
      },
      "9": {
        "name": "(anonymous_9)",
        "decl": {
          "start": { "line": 54, "column": 17 },
          "end": { "line": 54, "column": 18 }
        },
        "loc": {
          "start": { "line": 54, "column": 31 },
          "end": { "line": 60, "column": 3 }
        },
        "line": 54
      },
      "10": {
        "name": "(anonymous_10)",
        "decl": {
          "start": { "line": 62, "column": 2 },
          "end": { "line": 62, "column": 3 }
        },
        "loc": {
          "start": { "line": 62, "column": 20 },
          "end": { "line": 78, "column": 3 }
        },
        "line": 62
      },
      "11": {
        "name": "(anonymous_11)",
        "decl": {
          "start": { "line": 64, "column": 33 },
          "end": { "line": 64, "column": 34 }
        },
        "loc": {
          "start": { "line": 64, "column": 50 },
          "end": { "line": 74, "column": 7 }
        },
        "line": 64
      },
      "12": {
        "name": "(anonymous_12)",
        "decl": {
          "start": { "line": 80, "column": 2 },
          "end": { "line": 80, "column": 3 }
        },
        "loc": {
          "start": { "line": 80, "column": 11 },
          "end": { "line": 112, "column": 3 }
        },
        "line": 80
      },
      "13": {
        "name": "(anonymous_13)",
        "decl": {
          "start": { "line": 88, "column": 20 },
          "end": { "line": 88, "column": 21 }
        },
        "loc": {
          "start": { "line": 89, "column": 14 },
          "end": { "line": 93, "column": 16 }
        },
        "line": 89
      },
      "14": {
        "name": "(anonymous_14)",
        "decl": {
          "start": { "line": 99, "column": 20 },
          "end": { "line": 99, "column": 21 }
        },
        "loc": {
          "start": { "line": 100, "column": 14 },
          "end": { "line": 106, "column": 16 }
        },
        "line": 100
      }
    },
    "branchMap": {
      "0": {
        "loc": {
          "start": { "line": 43, "column": 8 },
          "end": { "line": 47, "column": 9 }
        },
        "type": "if",
        "locations": [
          {
            "start": { "line": 43, "column": 8 },
            "end": { "line": 47, "column": 9 }
          },
          {
            "start": { "line": 43, "column": 8 },
            "end": { "line": 47, "column": 9 }
          }
        ],
        "line": 43
      },
      "1": {
        "loc": {
          "start": { "line": 63, "column": 4 },
          "end": { "line": 77, "column": 5 }
        },
        "type": "if",
        "locations": [
          {
            "start": { "line": 63, "column": 4 },
            "end": { "line": 77, "column": 5 }
          },
          {
            "start": { "line": 63, "column": 4 },
            "end": { "line": 77, "column": 5 }
          }
        ],
        "line": 63
      },
      "2": {
        "loc": {
          "start": { "line": 65, "column": 8 },
          "end": { "line": 73, "column": 9 }
        },
        "type": "if",
        "locations": [
          {
            "start": { "line": 65, "column": 8 },
            "end": { "line": 73, "column": 9 }
          },
          {
            "start": { "line": 65, "column": 8 },
            "end": { "line": 73, "column": 9 }
          }
        ],
        "line": 65
      }
    },
    "s": {
      "0": 2,
      "1": 2,
      "2": 2,
      "3": 2,
      "4": 2,
      "5": 2,
      "6": 0,
      "7": 0,
      "8": 0,
      "9": 0,
      "10": 0,
      "11": 0,
      "12": 0,
      "13": 0,
      "14": 0,
      "15": 0,
      "16": 0,
      "17": 0,
      "18": 0,
      "19": 0,
      "20": 0,
      "21": 0,
      "22": 0,
      "23": 0,
      "24": 0,
      "25": 0,
      "26": 0,
      "27": 6,
      "28": 6,
      "29": 6,
      "30": 0
    },
    "f": {
      "0": 2,
      "1": 2,
      "2": 2,
      "3": 0,
      "4": 0,
      "5": 0,
      "6": 0,
      "7": 0,
      "8": 0,
      "9": 0,
      "10": 0,
      "11": 0,
      "12": 6,
      "13": 6,
      "14": 0
    },
    "b": { "0": [0, 0], "1": [0, 0], "2": [0, 0] },
    "_coverageSchema": "332fd63041d2c1bcb487cc26dd0d5f7d97098a6c",
    "hash": "5bdda7468a78280ec8de0d7406544563cb1ce43c"
  },
  "/Users/felipeborges/GitHub/Udacity/reactnd-project-myreads-starter/src/ui/components/author/Author.js": {
    "path":
      "/Users/felipeborges/GitHub/Udacity/reactnd-project-myreads-starter/src/ui/components/author/Author.js",
    "statementMap": {
      "0": {
        "start": { "line": 4, "column": 15 },
        "end": { "line": 13, "column": 1 }
      },
      "1": {
        "start": { "line": 5, "column": 16 },
        "end": { "line": 5, "column": 24 }
      },
      "2": {
        "start": { "line": 6, "column": 18 },
        "end": { "line": 6, "column": 31 }
      },
      "3": {
        "start": { "line": 7, "column": 2 },
        "end": { "line": 11, "column": 3 }
      },
      "4": {
        "start": { "line": 8, "column": 4 },
        "end": { "line": 10, "column": 7 }
      },
      "5": {
        "start": { "line": 9, "column": 6 },
        "end": { "line": 9, "column": 48 }
      },
      "6": {
        "start": { "line": 12, "column": 2 },
        "end": { "line": 12, "column": 17 }
      },
      "7": {
        "start": { "line": 15, "column": 0 },
        "end": { "line": 17, "column": 2 }
      }
    },
    "fnMap": {
      "0": {
        "name": "(anonymous_0)",
        "decl": {
          "start": { "line": 4, "column": 15 },
          "end": { "line": 4, "column": 16 }
        },
        "loc": {
          "start": { "line": 4, "column": 24 },
          "end": { "line": 13, "column": 1 }
        },
        "line": 4
      },
      "1": {
        "name": "(anonymous_1)",
        "decl": {
          "start": { "line": 8, "column": 32 },
          "end": { "line": 8, "column": 33 }
        },
        "loc": {
          "start": { "line": 8, "column": 42 },
          "end": { "line": 10, "column": 5 }
        },
        "line": 8
      }
    },
    "branchMap": {
      "0": {
        "loc": {
          "start": { "line": 7, "column": 2 },
          "end": { "line": 11, "column": 3 }
        },
        "type": "if",
        "locations": [
          {
            "start": { "line": 7, "column": 2 },
            "end": { "line": 11, "column": 3 }
          },
          {
            "start": { "line": 7, "column": 2 },
            "end": { "line": 11, "column": 3 }
          }
        ],
        "line": 7
      },
      "1": {
        "loc": {
          "start": { "line": 7, "column": 6 },
          "end": { "line": 7, "column": 35 }
        },
        "type": "binary-expr",
        "locations": [
          {
            "start": { "line": 7, "column": 6 },
            "end": { "line": 7, "column": 13 }
          },
          {
            "start": { "line": 7, "column": 17 },
            "end": { "line": 7, "column": 35 }
          }
        ],
        "line": 7
      }
    },
    "s": {
      "0": 6,
      "1": 12,
      "2": 12,
      "3": 12,
      "4": 11,
      "5": 12,
      "6": 12,
      "7": 6
    },
    "f": { "0": 12, "1": 12 },
    "b": { "0": [11, 1], "1": [12, 11] },
    "_coverageSchema": "332fd63041d2c1bcb487cc26dd0d5f7d97098a6c",
    "hash": "4c7b114dc33fd3a76c8535bdfb811251484b9273"
  },
  "/Users/felipeborges/GitHub/Udacity/reactnd-project-myreads-starter/src/ui/components/book/Book.js": {
    "path":
      "/Users/felipeborges/GitHub/Udacity/reactnd-project-myreads-starter/src/ui/components/book/Book.js",
    "statementMap": {
      "0": {
        "start": { "line": 6, "column": 17 },
        "end": { "line": 6, "column": 21 }
      },
      "1": {
        "start": { "line": 19, "column": 4 },
        "end": { "line": 19, "column": 66 }
      },
      "2": {
        "start": { "line": 23, "column": 4 },
        "end": { "line": 23, "column": 38 }
      },
      "3": {
        "start": { "line": 23, "column": 26 },
        "end": { "line": 23, "column": 38 }
      },
      "4": {
        "start": { "line": 25, "column": 22 },
        "end": { "line": 28, "column": 5 }
      },
      "5": {
        "start": { "line": 29, "column": 21 },
        "end": { "line": 29, "column": 31 }
      },
      "6": {
        "start": { "line": 30, "column": 50 },
        "end": { "line": 30, "column": 54 }
      },
      "7": {
        "start": { "line": 31, "column": 4 },
        "end": { "line": 63, "column": 6 }
      }
    },
    "fnMap": {
      "0": {
        "name": "(anonymous_0)",
        "decl": {
          "start": { "line": 18, "column": 17 },
          "end": { "line": 18, "column": 18 }
        },
        "loc": {
          "start": { "line": 18, "column": 22 },
          "end": { "line": 20, "column": 3 }
        },
        "line": 18
      },
      "1": {
        "name": "(anonymous_1)",
        "decl": {
          "start": { "line": 22, "column": 2 },
          "end": { "line": 22, "column": 3 }
        },
        "loc": {
          "start": { "line": 22, "column": 16 },
          "end": { "line": 64, "column": 3 }
        },
        "line": 22
      }
    },
    "branchMap": {
      "0": {
        "loc": {
          "start": { "line": 23, "column": 4 },
          "end": { "line": 23, "column": 38 }
        },
        "type": "if",
        "locations": [
          {
            "start": { "line": 23, "column": 4 },
            "end": { "line": 23, "column": 38 }
          },
          {
            "start": { "line": 23, "column": 4 },
            "end": { "line": 23, "column": 38 }
          }
        ],
        "line": 23
      },
      "1": {
        "loc": {
          "start": { "line": 37, "column": 12 },
          "end": { "line": 45, "column": 13 }
        },
        "type": "cond-expr",
        "locations": [
          {
            "start": { "line": 38, "column": 14 },
            "end": { "line": 38, "column": 78 }
          },
          {
            "start": { "line": 40, "column": 14 },
            "end": { "line": 44, "column": 16 }
          }
        ],
        "line": 37
      }
    },
    "s": {
      "0": 5,
      "1": 0,
      "2": 11,
      "3": 1,
      "4": 10,
      "5": 10,
      "6": 10,
      "7": 10
    },
    "f": { "0": 0, "1": 11 },
    "b": { "0": [1, 10], "1": [10, 0] },
    "_coverageSchema": "332fd63041d2c1bcb487cc26dd0d5f7d97098a6c",
    "hash": "f034c8cc17f1b33b1c9bfc36a11e0baf47c75a62"
  },
  "/Users/felipeborges/GitHub/Udacity/reactnd-project-myreads-starter/src/ui/components/bookshelf/BookShelf.js": {
    "path":
      "/Users/felipeborges/GitHub/Udacity/reactnd-project-myreads-starter/src/ui/components/bookshelf/BookShelf.js",
    "statementMap": {
      "0": {
        "start": { "line": 18, "column": 29 },
        "end": { "line": 18, "column": 39 }
      },
      "1": {
        "start": { "line": 19, "column": 4 },
        "end": { "line": 42, "column": 6 }
      },
      "2": {
        "start": { "line": 25, "column": 14 },
        "end": { "line": 31, "column": 16 }
      }
    },
    "fnMap": {
      "0": {
        "name": "(anonymous_0)",
        "decl": {
          "start": { "line": 17, "column": 2 },
          "end": { "line": 17, "column": 3 }
        },
        "loc": {
          "start": { "line": 17, "column": 16 },
          "end": { "line": 43, "column": 3 }
        },
        "line": 17
      },
      "1": {
        "name": "(anonymous_1)",
        "decl": {
          "start": { "line": 24, "column": 23 },
          "end": { "line": 24, "column": 24 }
        },
        "loc": {
          "start": { "line": 24, "column": 31 },
          "end": { "line": 32, "column": 13 }
        },
        "line": 24
      }
    },
    "branchMap": {
      "0": {
        "loc": {
          "start": { "line": 22, "column": 9 },
          "end": { "line": 40, "column": 9 }
        },
        "type": "cond-expr",
        "locations": [
          {
            "start": { "line": 23, "column": 10 },
            "end": { "line": 34, "column": 16 }
          },
          {
            "start": { "line": 36, "column": 10 },
            "end": { "line": 39, "column": 16 }
          }
        ],
        "line": 22
      }
    },
    "s": { "0": 22, "1": 22, "2": 9 },
    "f": { "0": 22, "1": 9 },
    "b": { "0": [6, 16] },
    "_coverageSchema": "332fd63041d2c1bcb487cc26dd0d5f7d97098a6c",
    "hash": "358e564fad8728ae366e6fd1f681251af0dcbaab"
  },
  "/Users/felipeborges/GitHub/Udacity/reactnd-project-myreads-starter/src/ui/components/loading/Loading.js": {
    "path":
      "/Users/felipeborges/GitHub/Udacity/reactnd-project-myreads-starter/src/ui/components/loading/Loading.js",
    "statementMap": {
      "0": {
        "start": { "line": 5, "column": 2 },
        "end": { "line": 7, "column": 8 }
      }
    },
    "fnMap": {
      "0": {
        "name": "(anonymous_0)",
        "decl": {
          "start": { "line": 4, "column": 15 },
          "end": { "line": 4, "column": 16 }
        },
        "loc": {
          "start": { "line": 5, "column": 2 },
          "end": { "line": 7, "column": 8 }
        },
        "line": 5
      }
    },
    "branchMap": {},
    "s": { "0": 3 },
    "f": { "0": 3 },
    "b": {},
    "_coverageSchema": "332fd63041d2c1bcb487cc26dd0d5f7d97098a6c",
    "hash": "74e76d70a997ac2fd41eaf5bd64712358417e052"
  },
  "/Users/felipeborges/GitHub/Udacity/reactnd-project-myreads-starter/src/ui/routes/booklist/BookList.js": {
    "path":
      "/Users/felipeborges/GitHub/Udacity/reactnd-project-myreads-starter/src/ui/routes/booklist/BookList.js",
    "statementMap": {
      "0": {
        "start": { "line": 8, "column": 28 },
        "end": { "line": 8, "column": 34 }
      },
      "1": {
        "start": { "line": 10, "column": 23 },
        "end": { "line": 23, "column": 1 }
      },
      "2": {
        "start": { "line": 11, "column": 2 },
        "end": { "line": 22, "column": 4 }
      },
      "3": {
        "start": { "line": 25, "column": 15 },
        "end": { "line": 47, "column": 1 }
      },
      "4": {
        "start": { "line": 26, "column": 2 },
        "end": { "line": 46, "column": 4 }
      },
      "5": {
        "start": { "line": 51, "column": 4 },
        "end": { "line": 53, "column": 5 }
      },
      "6": {
        "start": { "line": 52, "column": 6 },
        "end": { "line": 52, "column": 16 }
      },
      "7": {
        "start": { "line": 55, "column": 4 },
        "end": { "line": 57, "column": 7 }
      },
      "8": {
        "start": { "line": 56, "column": 6 },
        "end": { "line": 56, "column": 33 }
      },
      "9": {
        "start": { "line": 61, "column": 52 },
        "end": { "line": 61, "column": 62 }
      },
      "10": {
        "start": { "line": 62, "column": 29 },
        "end": { "line": 62, "column": 72 }
      },
      "11": {
        "start": { "line": 63, "column": 23 },
        "end": { "line": 63, "column": 60 }
      },
      "12": {
        "start": { "line": 64, "column": 17 },
        "end": { "line": 64, "column": 48 }
      },
      "13": {
        "start": { "line": 66, "column": 4 },
        "end": { "line": 84, "column": 6 }
      }
    },
    "fnMap": {
      "0": {
        "name": "(anonymous_0)",
        "decl": {
          "start": { "line": 10, "column": 23 },
          "end": { "line": 10, "column": 24 }
        },
        "loc": {
          "start": { "line": 10, "column": 32 },
          "end": { "line": 23, "column": 1 }
        },
        "line": 10
      },
      "1": {
        "name": "(anonymous_1)",
        "decl": {
          "start": { "line": 25, "column": 15 },
          "end": { "line": 25, "column": 16 }
        },
        "loc": {
          "start": { "line": 25, "column": 24 },
          "end": { "line": 47, "column": 1 }
        },
        "line": 25
      },
      "2": {
        "name": "(anonymous_2)",
        "decl": {
          "start": { "line": 50, "column": 2 },
          "end": { "line": 50, "column": 3 }
        },
        "loc": {
          "start": { "line": 50, "column": 27 },
          "end": { "line": 58, "column": 3 }
        },
        "line": 50
      },
      "3": {
        "name": "(anonymous_3)",
        "decl": {
          "start": { "line": 55, "column": 24 },
          "end": { "line": 55, "column": 25 }
        },
        "loc": {
          "start": { "line": 55, "column": 32 },
          "end": { "line": 57, "column": 5 }
        },
        "line": 55
      },
      "4": {
        "name": "(anonymous_4)",
        "decl": {
          "start": { "line": 60, "column": 2 },
          "end": { "line": 60, "column": 3 }
        },
        "loc": {
          "start": { "line": 60, "column": 16 },
          "end": { "line": 85, "column": 3 }
        },
        "line": 60
      }
    },
    "branchMap": {
      "0": {
        "loc": {
          "start": { "line": 51, "column": 4 },
          "end": { "line": 53, "column": 5 }
        },
        "type": "if",
        "locations": [
          {
            "start": { "line": 51, "column": 4 },
            "end": { "line": 53, "column": 5 }
          },
          {
            "start": { "line": 51, "column": 4 },
            "end": { "line": 53, "column": 5 }
          }
        ],
        "line": 51
      },
      "1": {
        "loc": {
          "start": { "line": 73, "column": 11 },
          "end": { "line": 73, "column": 35 }
        },
        "type": "binary-expr",
        "locations": [
          {
            "start": { "line": 73, "column": 11 },
            "end": { "line": 73, "column": 20 }
          },
          {
            "start": { "line": 73, "column": 24 },
            "end": { "line": 73, "column": 35 }
          }
        ],
        "line": 73
      },
      "2": {
        "loc": {
          "start": { "line": 74, "column": 11 },
          "end": { "line": 81, "column": 11 }
        },
        "type": "binary-expr",
        "locations": [
          {
            "start": { "line": 74, "column": 11 },
            "end": { "line": 74, "column": 21 }
          },
          {
            "start": { "line": 75, "column": 12 },
            "end": { "line": 80, "column": 14 }
          }
        ],
        "line": 74
      }
    },
    "s": {
      "0": 2,
      "1": 2,
      "2": 6,
      "3": 2,
      "4": 6,
      "5": 24,
      "6": 3,
      "7": 21,
      "8": 18,
      "9": 8,
      "10": 8,
      "11": 8,
      "12": 8,
      "13": 8
    },
    "f": { "0": 6, "1": 6, "2": 24, "3": 18, "4": 8 },
    "b": { "0": [3, 21], "1": [8, 2], "2": [8, 6] },
    "_coverageSchema": "332fd63041d2c1bcb487cc26dd0d5f7d97098a6c",
    "hash": "d4066e9c2f4d1a53b25fadde289735105808fb91"
  },
  "/Users/felipeborges/GitHub/Udacity/reactnd-project-myreads-starter/src/ui/routes/booksearch/BookSearch.js": {
    "path":
      "/Users/felipeborges/GitHub/Udacity/reactnd-project-myreads-starter/src/ui/routes/booksearch/BookSearch.js",
    "statementMap": {
      "0": {
        "start": { "line": 9, "column": 20 },
        "end": { "line": 9, "column": 26 }
      },
      "1": {
        "start": { "line": 11, "column": 18 },
        "end": { "line": 13, "column": 1 }
      },
      "2": {
        "start": { "line": 12, "column": 2 },
        "end": { "line": 12, "column": 47 }
      },
      "3": {
        "start": { "line": 17, "column": 4 },
        "end": { "line": 17, "column": 17 }
      },
      "4": {
        "start": { "line": 18, "column": 17 },
        "end": { "line": 18, "column": 62 }
      },
      "5": {
        "start": { "line": 19, "column": 4 },
        "end": { "line": 21, "column": 5 }
      },
      "6": {
        "start": { "line": 20, "column": 6 },
        "end": { "line": 20, "column": 43 }
      },
      "7": {
        "start": { "line": 25, "column": 17 },
        "end": { "line": 25, "column": 31 }
      },
      "8": {
        "start": { "line": 26, "column": 4 },
        "end": { "line": 26, "column": 34 }
      },
      "9": {
        "start": { "line": 27, "column": 24 },
        "end": { "line": 27, "column": 55 }
      },
      "10": {
        "start": { "line": 28, "column": 4 },
        "end": { "line": 33, "column": 5 }
      },
      "11": {
        "start": { "line": 29, "column": 35 },
        "end": { "line": 29, "column": 79 }
      },
      "12": {
        "start": { "line": 30, "column": 6 },
        "end": { "line": 30, "column": 63 }
      },
      "13": {
        "start": { "line": 32, "column": 6 },
        "end": { "line": 32, "column": 67 }
      },
      "14": {
        "start": { "line": 37, "column": 45 },
        "end": { "line": 37, "column": 55 }
      },
      "15": {
        "start": { "line": 38, "column": 4 },
        "end": { "line": 70, "column": 6 }
      }
    },
    "fnMap": {
      "0": {
        "name": "(anonymous_0)",
        "decl": {
          "start": { "line": 11, "column": 18 },
          "end": { "line": 11, "column": 19 }
        },
        "loc": {
          "start": { "line": 11, "column": 24 },
          "end": { "line": 13, "column": 1 }
        },
        "line": 11
      },
      "1": {
        "name": "(anonymous_1)",
        "decl": {
          "start": { "line": 16, "column": 2 },
          "end": { "line": 16, "column": 3 }
        },
        "loc": {
          "start": { "line": 16, "column": 21 },
          "end": { "line": 22, "column": 3 }
        },
        "line": 16
      },
      "2": {
        "name": "(anonymous_2)",
        "decl": {
          "start": { "line": 24, "column": 17 },
          "end": { "line": 24, "column": 18 }
        },
        "loc": {
          "start": { "line": 24, "column": 22 },
          "end": { "line": 34, "column": 3 }
        },
        "line": 24
      },
      "3": {
        "name": "(anonymous_3)",
        "decl": {
          "start": { "line": 36, "column": 2 },
          "end": { "line": 36, "column": 3 }
        },
        "loc": {
          "start": { "line": 36, "column": 16 },
          "end": { "line": 71, "column": 3 }
        },
        "line": 36
      }
    },
    "branchMap": {
      "0": {
        "loc": {
          "start": { "line": 19, "column": 4 },
          "end": { "line": 21, "column": 5 }
        },
        "type": "if",
        "locations": [
          {
            "start": { "line": 19, "column": 4 },
            "end": { "line": 21, "column": 5 }
          },
          {
            "start": { "line": 19, "column": 4 },
            "end": { "line": 21, "column": 5 }
          }
        ],
        "line": 19
      },
      "1": {
        "loc": {
          "start": { "line": 28, "column": 4 },
          "end": { "line": 33, "column": 5 }
        },
        "type": "if",
        "locations": [
          {
            "start": { "line": 28, "column": 4 },
            "end": { "line": 33, "column": 5 }
          },
          {
            "start": { "line": 28, "column": 4 },
            "end": { "line": 33, "column": 5 }
          }
        ],
        "line": 28
      },
      "2": {
        "loc": {
          "start": { "line": 57, "column": 15 },
          "end": { "line": 57, "column": 39 }
        },
        "type": "binary-expr",
        "locations": [
          {
            "start": { "line": 57, "column": 15 },
            "end": { "line": 57, "column": 24 }
          },
          {
            "start": { "line": 57, "column": 28 },
            "end": { "line": 57, "column": 39 }
          }
        ],
        "line": 57
      },
      "3": {
        "loc": {
          "start": { "line": 58, "column": 15 },
          "end": { "line": 58, "column": 59 }
        },
        "type": "binary-expr",
        "locations": [
          {
            "start": { "line": 58, "column": 15 },
            "end": { "line": 58, "column": 20 }
          },
          {
            "start": { "line": 58, "column": 24 },
            "end": { "line": 58, "column": 42 }
          },
          {
            "start": { "line": 58, "column": 46 },
            "end": { "line": 58, "column": 59 }
          }
        ],
        "line": 58
      },
      "4": {
        "loc": {
          "start": { "line": 59, "column": 15 },
          "end": { "line": 65, "column": 17 }
        },
        "type": "binary-expr",
        "locations": [
          {
            "start": { "line": 59, "column": 15 },
            "end": { "line": 59, "column": 20 }
          },
          {
            "start": { "line": 60, "column": 16 },
            "end": { "line": 60, "column": 32 }
          },
          {
            "start": { "line": 61, "column": 18 },
            "end": { "line": 64, "column": 20 }
          }
        ],
        "line": 59
      }
    },
    "s": {
      "0": 2,
      "1": 2,
      "2": 1,
      "3": 3,
      "4": 3,
      "5": 3,
      "6": 0,
      "7": 1,
      "8": 1,
      "9": 1,
      "10": 1,
      "11": 1,
      "12": 1,
      "13": 0,
      "14": 3,
      "15": 3
    },
    "f": { "0": 1, "1": 3, "2": 1, "3": 3 },
    "b": {
      "0": [0, 3],
      "1": [1, 0],
      "2": [3, 0],
      "3": [3, 3, 1],
      "4": [3, 3, 2]
    },
    "_coverageSchema": "332fd63041d2c1bcb487cc26dd0d5f7d97098a6c",
    "hash": "e08768cd40644cb36860d3ebffbcf371b7ffd294"
  },
  "/Users/felipeborges/GitHub/Udacity/reactnd-project-myreads-starter/src/utils/BooksHelper.js": {
    "path":
      "/Users/felipeborges/GitHub/Udacity/reactnd-project-myreads-starter/src/utils/BooksHelper.js",
    "statementMap": {
      "0": {
        "start": { "line": 2, "column": 24 },
        "end": { "line": 12, "column": 1 }
      },
      "1": {
        "start": { "line": 3, "column": 2 },
        "end": { "line": 5, "column": 3 }
      },
      "2": {
        "start": { "line": 4, "column": 4 },
        "end": { "line": 4, "column": 14 }
      },
      "3": {
        "start": { "line": 6, "column": 25 },
        "end": { "line": 6, "column": 27 }
      },
      "4": {
        "start": { "line": 7, "column": 2 },
        "end": { "line": 10, "column": 3 }
      },
      "5": {
        "start": { "line": 8, "column": 20 },
        "end": { "line": 8, "column": 50 }
      },
      "6": {
        "start": { "line": 9, "column": 4 },
        "end": { "line": 9, "column": 64 }
      },
      "7": {
        "start": { "line": 11, "column": 2 },
        "end": { "line": 11, "column": 26 }
      },
      "8": {
        "start": { "line": 14, "column": 18 },
        "end": { "line": 20, "column": 1 }
      },
      "9": {
        "start": { "line": 15, "column": 2 },
        "end": { "line": 19, "column": 3 }
      },
      "10": {
        "start": { "line": 16, "column": 4 },
        "end": { "line": 18, "column": 5 }
      },
      "11": {
        "start": { "line": 17, "column": 6 },
        "end": { "line": 17, "column": 18 }
      },
      "12": {
        "start": { "line": 22, "column": 25 },
        "end": { "line": 28, "column": 1 }
      },
      "13": {
        "start": { "line": 23, "column": 2 },
        "end": { "line": 27, "column": 3 }
      },
      "14": {
        "start": { "line": 24, "column": 4 },
        "end": { "line": 24, "column": 37 }
      },
      "15": {
        "start": { "line": 26, "column": 4 },
        "end": { "line": 26, "column": 62 }
      }
    },
    "fnMap": {
      "0": {
        "name": "(anonymous_0)",
        "decl": {
          "start": { "line": 2, "column": 24 },
          "end": { "line": 2, "column": 25 }
        },
        "loc": {
          "start": { "line": 2, "column": 50 },
          "end": { "line": 12, "column": 1 }
        },
        "line": 2
      },
      "1": {
        "name": "(anonymous_1)",
        "decl": {
          "start": { "line": 14, "column": 18 },
          "end": { "line": 14, "column": 19 }
        },
        "loc": {
          "start": { "line": 14, "column": 43 },
          "end": { "line": 20, "column": 1 }
        },
        "line": 14
      },
      "2": {
        "name": "(anonymous_2)",
        "decl": {
          "start": { "line": 22, "column": 25 },
          "end": { "line": 22, "column": 26 }
        },
        "loc": {
          "start": { "line": 22, "column": 72 },
          "end": { "line": 28, "column": 1 }
        },
        "line": 22
      }
    },
    "branchMap": {
      "0": {
        "loc": {
          "start": { "line": 3, "column": 2 },
          "end": { "line": 5, "column": 3 }
        },
        "type": "if",
        "locations": [
          {
            "start": { "line": 3, "column": 2 },
            "end": { "line": 5, "column": 3 }
          },
          {
            "start": { "line": 3, "column": 2 },
            "end": { "line": 5, "column": 3 }
          }
        ],
        "line": 3
      },
      "1": {
        "loc": {
          "start": { "line": 16, "column": 4 },
          "end": { "line": 18, "column": 5 }
        },
        "type": "if",
        "locations": [
          {
            "start": { "line": 16, "column": 4 },
            "end": { "line": 18, "column": 5 }
          },
          {
            "start": { "line": 16, "column": 4 },
            "end": { "line": 18, "column": 5 }
          }
        ],
        "line": 16
      },
      "2": {
        "loc": {
          "start": { "line": 23, "column": 2 },
          "end": { "line": 27, "column": 3 }
        },
        "type": "if",
        "locations": [
          {
            "start": { "line": 23, "column": 2 },
            "end": { "line": 27, "column": 3 }
          },
          {
            "start": { "line": 23, "column": 2 },
            "end": { "line": 27, "column": 3 }
          }
        ],
        "line": 23
      }
    },
    "s": {
      "0": 2,
      "1": 2,
      "2": 1,
      "3": 1,
      "4": 1,
      "5": 2,
      "6": 2,
      "7": 1,
      "8": 2,
      "9": 2,
      "10": 2,
      "11": 1,
      "12": 2,
      "13": 2,
      "14": 1,
      "15": 1
    },
    "f": { "0": 2, "1": 2, "2": 2 },
    "b": { "0": [1, 1], "1": [1, 1], "2": [1, 1] },
    "_coverageSchema": "332fd63041d2c1bcb487cc26dd0d5f7d97098a6c",
    "hash": "8026ebbc4c185bbaf6369b4679029c4d44a033f2"
  }
}
