TN:
SF:/Users/felipeborges/GitHub/Udacity/reactnd-project-myreads-starter/src/App.js
FN:11,(anonymous_0)
FN:23,(anonymous_1)
FN:25,(anonymous_2)
FN:30,(anonymous_3)
FN:31,(anonymous_4)
FN:33,(anonymous_5)
FN:40,(anonymous_6)
FN:41,(anonymous_7)
FN:42,(anonymous_8)
FN:54,(anonymous_9)
FN:62,(anonymous_10)
FN:64,(anonymous_11)
FN:80,(anonymous_12)
FN:88,(anonymous_13)
FN:99,(anonymous_14)
FNF:15
FNH:4
FNDA:2,(anonymous_0)
FNDA:2,(anonymous_1)
FNDA:0,(anonymous_2)
FNDA:0,(anonymous_3)
FNDA:0,(anonymous_4)
FNDA:0,(anonymous_5)
FNDA:0,(anonymous_6)
FNDA:0,(anonymous_7)
FNDA:0,(anonymous_8)
FNDA:0,(anonymous_9)
FNDA:0,(anonymous_10)
FNDA:0,(anonymous_11)
FNDA:4,(anonymous_12)
FNDA:4,(anonymous_13)
FNDA:0,(anonymous_14)
DA:12,2
DA:13,2
DA:20,2
DA:24,2
DA:25,2
DA:26,0
DA:31,0
DA:32,0
DA:33,0
DA:35,0
DA:36,0
DA:41,0
DA:42,0
DA:43,0
DA:44,0
DA:46,0
DA:49,0
DA:50,0
DA:55,0
DA:59,0
DA:63,0
DA:64,0
DA:65,0
DA:66,0
DA:68,0
DA:72,0
DA:76,0
DA:81,4
DA:82,4
DA:89,4
DA:100,0
LF:31
LH:8
BRDA:43,0,0,0
BRDA:43,0,1,0
BRDA:63,1,0,0
BRDA:63,1,1,0
BRDA:65,2,0,0
BRDA:65,2,1,0
BRF:6
BRH:0
end_of_record
TN:
SF:/Users/felipeborges/GitHub/Udacity/reactnd-project-myreads-starter/src/index.js
FN:4,_interopRequireDefault
FNF:1
FNH:0
FNDA:0,_interopRequireDefault
DA:1,0
DA:2,0
DA:3,0
DA:4,0
DA:6,0
LF:5
LH:0
BRDA:4,0,0,0
BRDA:4,0,1,0
BRDA:4,1,0,0
BRDA:4,1,1,0
BRF:4
BRH:0
end_of_record
TN:
SF:/Users/felipeborges/GitHub/Udacity/reactnd-project-myreads-starter/src/ui/components/author/Author.js
FN:4,(anonymous_0)
FN:8,(anonymous_1)
FNF:2
FNH:2
FNDA:8,(anonymous_0)
FNDA:8,(anonymous_1)
DA:4,6
DA:5,8
DA:6,8
DA:7,8
DA:8,7
DA:9,8
DA:12,8
DA:15,6
LF:8
LH:8
BRDA:7,0,0,7
BRDA:7,0,1,1
BRDA:7,1,0,8
BRDA:7,1,1,7
BRF:4
BRH:4
end_of_record
TN:
SF:/Users/felipeborges/GitHub/Udacity/reactnd-project-myreads-starter/src/ui/components/book/Book.js
FN:18,(anonymous_0)
FN:22,(anonymous_1)
FNF:2
FNH:1
FNDA:0,(anonymous_0)
FNDA:7,(anonymous_1)
DA:6,5
DA:19,0
DA:23,7
DA:25,6
DA:29,6
DA:30,6
DA:31,6
LF:7
LH:6
BRDA:23,0,0,1
BRDA:23,0,1,6
BRDA:37,1,0,6
BRDA:37,1,1,0
BRF:4
BRH:3
end_of_record
TN:
SF:/Users/felipeborges/GitHub/Udacity/reactnd-project-myreads-starter/src/ui/components/bookshelf/BookShelf.js
FN:17,(anonymous_0)
FN:24,(anonymous_1)
FNF:2
FNH:2
FNDA:12,(anonymous_0)
FNDA:5,(anonymous_1)
DA:18,12
DA:19,12
DA:25,5
LF:3
LH:3
BRDA:22,0,0,3
BRDA:22,0,1,9
BRF:2
BRH:2
end_of_record
TN:
SF:/Users/felipeborges/GitHub/Udacity/reactnd-project-myreads-starter/src/ui/components/loading/Loading.js
FN:4,(anonymous_0)
FNF:1
FNH:1
FNDA:3,(anonymous_0)
DA:5,3
LF:1
LH:1
BRF:0
BRH:0
end_of_record
TN:
SF:/Users/felipeborges/GitHub/Udacity/reactnd-project-myreads-starter/src/ui/routes/booklist/BookList.js
FN:10,(anonymous_0)
FN:25,(anonymous_1)
FN:50,(anonymous_2)
FN:51,(anonymous_3)
FN:56,(anonymous_4)
FN:70,(anonymous_5)
FNF:6
FNH:5
FNDA:3,(anonymous_0)
FNDA:3,(anonymous_1)
FNDA:15,(anonymous_2)
FNDA:6,(anonymous_3)
FNDA:0,(anonymous_4)
FNDA:5,(anonymous_5)
DA:8,2
DA:10,2
DA:11,3
DA:25,2
DA:26,3
DA:51,15
DA:52,6
DA:57,0
DA:58,0
DA:59,0
DA:61,0
DA:71,5
DA:72,5
DA:73,5
DA:74,5
DA:76,5
LF:16
LH:12
BRDA:83,0,0,5
BRDA:83,0,1,2
BRDA:84,1,0,5
BRDA:84,1,1,3
BRF:4
BRH:4
end_of_record
TN:
SF:/Users/felipeborges/GitHub/Udacity/reactnd-project-myreads-starter/src/ui/routes/booksearch/BookSearch.js
FN:11,(anonymous_0)
FN:16,(anonymous_1)
FN:24,(anonymous_2)
FN:36,(anonymous_3)
FNF:4
FNH:2
FNDA:0,(anonymous_0)
FNDA:2,(anonymous_1)
FNDA:0,(anonymous_2)
FNDA:2,(anonymous_3)
DA:9,2
DA:11,2
DA:12,0
DA:17,2
DA:18,2
DA:19,2
DA:20,0
DA:25,0
DA:26,0
DA:27,0
DA:28,0
DA:29,0
DA:30,0
DA:32,0
DA:37,2
DA:38,2
LF:16
LH:7
BRDA:19,0,0,0
BRDA:19,0,1,2
BRDA:28,1,0,0
BRDA:28,1,1,0
BRDA:56,2,0,2
BRDA:56,2,1,0
BRDA:57,3,0,2
BRDA:57,3,1,1
BRDA:57,3,2,0
BRDA:58,4,0,2
BRDA:58,4,1,1
BRDA:58,4,2,1
BRF:12
BRH:7
end_of_record
TN:
SF:/Users/felipeborges/GitHub/Udacity/reactnd-project-myreads-starter/src/utils/BooksHelper.js
FN:2,(anonymous_0)
FN:14,(anonymous_1)
FN:22,(anonymous_2)
FNF:3
FNH:3
FNDA:2,(anonymous_0)
FNDA:2,(anonymous_1)
FNDA:2,(anonymous_2)
DA:2,2
DA:3,2
DA:4,1
DA:6,1
DA:7,1
DA:8,2
DA:9,2
DA:11,1
DA:14,2
DA:15,2
DA:16,2
DA:17,1
DA:22,2
DA:23,2
DA:24,1
DA:26,1
LF:16
LH:16
BRDA:3,0,0,1
BRDA:3,0,1,1
BRDA:16,1,0,1
BRDA:16,1,1,1
BRDA:23,2,0,1
BRDA:23,2,1,1
BRF:6
BRH:6
end_of_record
